This is XeTeX, Version 3.14159265-2.6-0.999991 (TeX Live 2019/Debian) (preloaded format=xelatex 2022.6.21)  24 JUN 2022 08:26
entering extended mode
 restricted \write18 enabled.
 %&-line parsing enabled.
**lsj.tex
(./lsj.tex
LaTeX2e <2020-02-02> patch level 2
L3 programming layer <2020-02-14> (/usr/share/texlive/texmf-dist/tex/latex/base
/book.cls
Document Class: book 2019/12/20 v1.4l Standard LaTeX document class
(/usr/share/texlive/texmf-dist/tex/latex/base/bk10.clo
File: bk10.clo 2019/12/20 v1.4l Standard LaTeX file (size option)
)
\c@part=\count163
\c@chapter=\count164
\c@section=\count165
\c@subsection=\count166
\c@subsubsection=\count167
\c@paragraph=\count168
\c@subparagraph=\count169
\c@figure=\count170
\c@table=\count171
\abovecaptionskip=\skip47
\belowcaptionskip=\skip48
\bibindent=\dimen134
) (/usr/share/texlive/texmf-dist/tex/latex/amsmath/amsmath.sty
Package: amsmath 2020/01/20 v2.17e AMS math features
\@mathmargin=\skip49
For additional information on amsmath, use the `?' option.
(/usr/share/texlive/texmf-dist/tex/latex/amsmath/amstext.sty
Package: amstext 2000/06/29 v2.01 AMS text
(/usr/share/texlive/texmf-dist/tex/latex/amsmath/amsgen.sty
File: amsgen.sty 1999/11/30 v2.0 generic functions
\@emptytoks=\toks14
\ex@=\dimen135
)) (/usr/share/texlive/texmf-dist/tex/latex/amsmath/amsbsy.sty
Package: amsbsy 1999/11/29 v1.2d Bold Symbols
\pmbraise@=\dimen136
) (/usr/share/texlive/texmf-dist/tex/latex/amsmath/amsopn.sty
Package: amsopn 2016/03/08 v2.02 operator names
)
\inf@bad=\count172
LaTeX Info: Redefining \frac on input line 227.
\uproot@=\count173
\leftroot@=\count174
LaTeX Info: Redefining \overline on input line 389.
\classnum@=\count175
\DOTSCASE@=\count176
LaTeX Info: Redefining \ldots on input line 486.
LaTeX Info: Redefining \dots on input line 489.
LaTeX Info: Redefining \cdots on input line 610.
\Mathstrutbox@=\box45
\strutbox@=\box46
\big@size=\dimen137
LaTeX Font Info:    Redeclaring font encoding OML on input line 733.
LaTeX Font Info:    Redeclaring font encoding OMS on input line 734.
\macc@depth=\count177
\c@MaxMatrixCols=\count178
\dotsspace@=\muskip16
\c@parentequation=\count179
\dspbrk@lvl=\count180
\tag@help=\toks15
\row@=\count181
\column@=\count182
\maxfields@=\count183
\andhelp@=\toks16
\eqnshift@=\dimen138
\alignsep@=\dimen139
\tagshift@=\dimen140
\tagwidth@=\dimen141
\totwidth@=\dimen142
\lineht@=\dimen143
\@envbody=\toks17
\multlinegap=\skip50
\multlinetaggap=\skip51
\mathdisplay@stack=\toks18
LaTeX Info: Redefining \[ on input line 2859.
LaTeX Info: Redefining \] on input line 2860.
) (/usr/share/texlive/texmf-dist/tex/latex/amsfonts/amssymb.sty
Package: amssymb 2013/01/14 v3.01 AMS font symbols
(/usr/share/texlive/texmf-dist/tex/latex/amsfonts/amsfonts.sty
Package: amsfonts 2013/01/14 v3.01 Basic AMSFonts support
\symAMSa=\mathgroup4
\symAMSb=\mathgroup5
LaTeX Font Info:    Redeclaring math symbol \hbar on input line 98.
LaTeX Font Info:    Overwriting math alphabet `\mathfrak' in version `bold'
(Font)                  U/euf/m/n --> U/euf/b/n on input line 106.
)) (/usr/share/texmf/tex/latex/lm/lmodern.sty
Package: lmodern 2009/10/30 v1.6 Latin Modern Fonts
LaTeX Font Info:    Overwriting symbol font `operators' in version `normal'
(Font)                  OT1/cmr/m/n --> OT1/lmr/m/n on input line 22.
LaTeX Font Info:    Overwriting symbol font `letters' in version `normal'
(Font)                  OML/cmm/m/it --> OML/lmm/m/it on input line 23.
LaTeX Font Info:    Overwriting symbol font `symbols' in version `normal'
(Font)                  OMS/cmsy/m/n --> OMS/lmsy/m/n on input line 24.
LaTeX Font Info:    Overwriting symbol font `largesymbols' in version `normal'
(Font)                  OMX/cmex/m/n --> OMX/lmex/m/n on input line 25.
LaTeX Font Info:    Overwriting symbol font `operators' in version `bold'
(Font)                  OT1/cmr/bx/n --> OT1/lmr/bx/n on input line 26.
LaTeX Font Info:    Overwriting symbol font `letters' in version `bold'
(Font)                  OML/cmm/b/it --> OML/lmm/b/it on input line 27.
LaTeX Font Info:    Overwriting symbol font `symbols' in version `bold'
(Font)                  OMS/cmsy/b/n --> OMS/lmsy/b/n on input line 28.
LaTeX Font Info:    Overwriting symbol font `largesymbols' in version `bold'
(Font)                  OMX/cmex/m/n --> OMX/lmex/m/n on input line 29.
LaTeX Font Info:    Overwriting math alphabet `\mathbf' in version `normal'
(Font)                  OT1/cmr/bx/n --> OT1/lmr/bx/n on input line 31.
LaTeX Font Info:    Overwriting math alphabet `\mathsf' in version `normal'
(Font)                  OT1/cmss/m/n --> OT1/lmss/m/n on input line 32.
LaTeX Font Info:    Overwriting math alphabet `\mathit' in version `normal'
(Font)                  OT1/cmr/m/it --> OT1/lmr/m/it on input line 33.
LaTeX Font Info:    Overwriting math alphabet `\mathtt' in version `normal'
(Font)                  OT1/cmtt/m/n --> OT1/lmtt/m/n on input line 34.
LaTeX Font Info:    Overwriting math alphabet `\mathbf' in version `bold'
(Font)                  OT1/cmr/bx/n --> OT1/lmr/bx/n on input line 35.
LaTeX Font Info:    Overwriting math alphabet `\mathsf' in version `bold'
(Font)                  OT1/cmss/bx/n --> OT1/lmss/bx/n on input line 36.
LaTeX Font Info:    Overwriting math alphabet `\mathit' in version `bold'
(Font)                  OT1/cmr/bx/it --> OT1/lmr/bx/it on input line 37.
LaTeX Font Info:    Overwriting math alphabet `\mathtt' in version `bold'
(Font)                  OT1/cmtt/m/n --> OT1/lmtt/m/n on input line 38.
) (/usr/share/texlive/texmf-dist/tex/generic/iftex/iftex.sty
Package: iftex 2019/11/07 v1.0c TeX engine tests
) (/usr/share/texlive/texmf-dist/tex/latex/unicode-math/unicode-math.sty (/usr/
share/texlive/texmf-dist/tex/latex/l3kernel/expl3.sty
Package: expl3 2020-02-14 L3 programming layer (loader) 
(/usr/share/texlive/texmf-dist/tex/latex/l3backend/l3backend-xdvipdfmx.def
File: l3backend-xdvipdfmx.def 2020-02-03 L3 backend support: xdvipdfmx
\g__graphics_track_int=\count184
\l__pdf_internal_box=\box47
\g__pdf_backend_object_int=\count185
\g__pdf_backend_annotation_int=\count186
))
Package: unicode-math 2020/01/31 v0.8q Unicode maths in XeLaTeX and LuaLaTeX
(/usr/share/texlive/texmf-dist/tex/latex/unicode-math/unicode-math-xetex.sty
Package: unicode-math-xetex 2020/01/31 v0.8q Unicode maths in XeLaTeX and LuaLa
TeX
(/usr/share/texlive/texmf-dist/tex/latex/l3packages/xparse/xparse.sty
Package: xparse 2020-02-14 L3 Experimental document command parser
\l__xparse_current_arg_int=\count187
\g__xparse_grabber_int=\count188
\l__xparse_m_args_int=\count189
\l__xparse_v_nesting_int=\count190
) (/usr/share/texlive/texmf-dist/tex/latex/l3packages/l3keys2e/l3keys2e.sty
Package: l3keys2e 2020-02-14 LaTeX2e option processing using LaTeX3 keys
) (/usr/share/texlive/texmf-dist/tex/latex/fontspec/fontspec.sty
Package: fontspec 2020/02/03 v2.7h Font selection for XeLaTeX and LuaLaTeX
(/usr/share/texlive/texmf-dist/tex/latex/fontspec/fontspec-xetex.sty
Package: fontspec-xetex 2020/02/03 v2.7h Font selection for XeLaTeX and LuaLaTe
X
\l__fontspec_script_int=\count191
\l__fontspec_language_int=\count192
\l__fontspec_strnum_int=\count193
\l__fontspec_tmp_int=\count194
\l__fontspec_tmpa_int=\count195
\l__fontspec_tmpb_int=\count196
\l__fontspec_tmpc_int=\count197
\l__fontspec_em_int=\count198
\l__fontspec_emdef_int=\count199
\l__fontspec_strong_int=\count266
\l__fontspec_strongdef_int=\count267
\l__fontspec_tmpa_dim=\dimen144
\l__fontspec_tmpb_dim=\dimen145
\l__fontspec_tmpc_dim=\dimen146
(/usr/share/texlive/texmf-dist/tex/latex/base/fontenc.sty
Package: fontenc 2020/02/11 v2.0o Standard LaTeX package
) (/usr/share/texlive/texmf-dist/tex/latex/fontspec/fontspec.cfg))) (/usr/share
/texlive/texmf-dist/tex/latex/base/fix-cm.sty
Package: fix-cm 2015/01/14 v1.1t fixes to LaTeX
(/usr/share/texlive/texmf-dist/tex/latex/base/ts1enc.def
File: ts1enc.def 2001/06/05 v3.0e (jk/car/fm) Standard LaTeX file
LaTeX Font Info:    Redeclaring font encoding TS1 on input line 47.
))
\g__um_fam_int=\count268
\g__um_fonts_used_int=\count269
\l__um_primecount_int=\count270
\g__um_primekern_muskip=\muskip17
(/usr/share/texlive/texmf-dist/tex/latex/unicode-math/unicode-math-table.tex)))
(/usr/share/texlive/texmf-dist/tex/latex/upquote/upquote.sty
Package: upquote 2012/04/19 v1.3 upright-quote and grave-accent glyphs in verba
tim
(/usr/share/texlive/texmf-dist/tex/latex/base/textcomp.sty
Package: textcomp 2020/02/02 v2.0n Standard LaTeX package
)) (/usr/share/texlive/texmf-dist/tex/latex/microtype/microtype.sty
Package: microtype 2019/11/18 v2.7d Micro-typographical refinements (RS)
(/usr/share/texlive/texmf-dist/tex/latex/graphics/keyval.sty
Package: keyval 2014/10/28 v1.15 key=value parser (DPC)
\KV@toks@=\toks19
)
\MT@toks=\toks20
\MT@count=\count271
LaTeX Info: Redefining \textls on input line 790.
\MT@outer@kern=\dimen147
LaTeX Info: Redefining \textmicrotypecontext on input line 1354.
\MT@listname@count=\count272
(/usr/share/texlive/texmf-dist/tex/latex/microtype/microtype-xetex.def
File: microtype-xetex.def 2019/11/18 v2.7d Definitions specific to xetex (RS)
LaTeX Info: Redefining \lsstyle on input line 258.
)
Package microtype Info: Loading configuration file microtype.cfg.
(/usr/share/texlive/texmf-dist/tex/latex/microtype/microtype.cfg
File: microtype.cfg 2019/11/18 v2.7d microtype main configuration file (RS)
)) (/usr/share/texlive/texmf-dist/tex/latex/parskip/parskip.sty
Package: parskip 2020-01-22 v2.0d non-zero parskip adjustments
(/usr/share/texlive/texmf-dist/tex/latex/kvoptions/kvoptions.sty
Package: kvoptions 2019/11/29 v3.13 Key value format for package options (HO)
(/usr/share/texlive/texmf-dist/tex/generic/ltxcmds/ltxcmds.sty
Package: ltxcmds 2019/12/15 v1.24 LaTeX kernel commands for general use (HO)
) (/usr/share/texlive/texmf-dist/tex/generic/kvsetkeys/kvsetkeys.sty
Package: kvsetkeys 2019/12/15 v1.18 Key value parser (HO)
)) (/usr/share/texlive/texmf-dist/tex/latex/etoolbox/etoolbox.sty
Package: etoolbox 2019/09/21 v2.5h e-TeX tools for LaTeX (JAW)
\etb@tempcnta=\count273
)) (/usr/share/texlive/texmf-dist/tex/latex/xcolor/xcolor.sty
Package: xcolor 2016/05/11 v2.12 LaTeX color extensions (UK)
(/usr/share/texlive/texmf-dist/tex/latex/graphics-cfg/color.cfg
File: color.cfg 2016/01/02 v1.6 sample color configuration
)
Package xcolor Info: Driver file: xetex.def on input line 225.
(/usr/share/texlive/texmf-dist/tex/latex/graphics-def/xetex.def
File: xetex.def 2017/06/24 v5.0h Graphics/color driver for xetex
)
Package xcolor Info: Model `cmy' substituted by `cmy0' on input line 1348.
Package xcolor Info: Model `RGB' extended on input line 1364.
Package xcolor Info: Model `HTML' substituted by `rgb' on input line 1366.
Package xcolor Info: Model `Hsb' substituted by `hsb' on input line 1367.
Package xcolor Info: Model `tHsb' substituted by `hsb' on input line 1368.
Package xcolor Info: Model `HSB' substituted by `hsb' on input line 1369.
Package xcolor Info: Model `Gray' substituted by `gray' on input line 1370.
Package xcolor Info: Model `wave' substituted by `hsb' on input line 1371.
) (/usr/share/texlive/texmf-dist/tex/latex/xurl/xurl.sty
Package: xurl 2020/01/24 v 0.09 modify URL breaks
(/usr/share/texlive/texmf-dist/tex/latex/url/url.sty
\Urlmuskip=\muskip18
Package: url 2013/09/16  ver 3.4  Verb mode for urls, etc.
)) (/usr/share/texlive/texmf-dist/tex/latex/bookmark/bookmark.sty
Package: bookmark 2019/12/03 v1.28 PDF bookmarks (HO)
(/usr/share/texlive/texmf-dist/tex/latex/hyperref/hyperref.sty
Package: hyperref 2020/01/14 v7.00d Hypertext links for LaTeX
(/usr/share/texlive/texmf-dist/tex/latex/pdftexcmds/pdftexcmds.sty
Package: pdftexcmds 2019/11/24 v0.31 Utility functions of pdfTeX for LuaTeX (HO
)
(/usr/share/texlive/texmf-dist/tex/generic/infwarerr/infwarerr.sty
Package: infwarerr 2019/12/03 v1.5 Providing info/warning/error messages (HO)
)
Package pdftexcmds Info: \pdf@primitive is available.
Package pdftexcmds Info: \pdf@ifprimitive is available.
Package pdftexcmds Info: \pdfdraftmode not found.
) (/usr/share/texlive/texmf-dist/tex/generic/kvdefinekeys/kvdefinekeys.sty
Package: kvdefinekeys 2019-12-19 v1.6 Define keys (HO)
) (/usr/share/texlive/texmf-dist/tex/generic/pdfescape/pdfescape.sty
Package: pdfescape 2019/12/09 v1.15 Implements pdfTeX's escape features (HO)
) (/usr/share/texlive/texmf-dist/tex/latex/hycolor/hycolor.sty
Package: hycolor 2020-01-27 v1.10 Color options for hyperref/bookmark (HO)
) (/usr/share/texlive/texmf-dist/tex/latex/letltxmacro/letltxmacro.sty
Package: letltxmacro 2019/12/03 v1.6 Let assignment for LaTeX macros (HO)
) (/usr/share/texlive/texmf-dist/tex/latex/auxhook/auxhook.sty
Package: auxhook 2019-12-17 v1.6 Hooks for auxiliary files (HO)
)
\@linkdim=\dimen148
\Hy@linkcounter=\count274
\Hy@pagecounter=\count275
(/usr/share/texlive/texmf-dist/tex/latex/hyperref/pd1enc.def
File: pd1enc.def 2020/01/14 v7.00d Hyperref: PDFDocEncoding definition (HO)
) (/usr/share/texlive/texmf-dist/tex/generic/intcalc/intcalc.sty
Package: intcalc 2019/12/15 v1.3 Expandable calculations with integers (HO)
) (/usr/share/texlive/texmf-dist/tex/generic/etexcmds/etexcmds.sty
Package: etexcmds 2019/12/15 v1.7 Avoid name clashes with e-TeX commands (HO)
)
\Hy@SavedSpaceFactor=\count276
Package hyperref Info: Option `unicode' set `true' on input line 4421.
(/usr/share/texlive/texmf-dist/tex/latex/hyperref/puenc.def
File: puenc.def 2020/01/14 v7.00d Hyperref: PDF Unicode definition (HO)
)
Package hyperref Info: Hyper figures OFF on input line 4547.
Package hyperref Info: Link nesting OFF on input line 4552.
Package hyperref Info: Hyper index ON on input line 4555.
Package hyperref Info: Plain pages OFF on input line 4562.
Package hyperref Info: Backreferencing OFF on input line 4567.
Package hyperref Info: Implicit mode ON; LaTeX internals redefined.
Package hyperref Info: Bookmarks ON on input line 4800.
\c@Hy@tempcnt=\count277
LaTeX Info: Redefining \url on input line 5159.
\XeTeXLinkMargin=\dimen149
(/usr/share/texlive/texmf-dist/tex/generic/bitset/bitset.sty
Package: bitset 2019/12/09 v1.3 Handle bit-vector datatype (HO)
(/usr/share/texlive/texmf-dist/tex/generic/bigintcalc/bigintcalc.sty
Package: bigintcalc 2019/12/15 v1.5 Expandable calculations on big integers (HO
)
))
\Fld@menulength=\count278
\Field@Width=\dimen150
\Fld@charsize=\dimen151
Package hyperref Info: Hyper figures OFF on input line 6430.
Package hyperref Info: Link nesting OFF on input line 6435.
Package hyperref Info: Hyper index ON on input line 6438.
Package hyperref Info: backreferencing OFF on input line 6445.
Package hyperref Info: Link coloring OFF on input line 6450.
Package hyperref Info: Link coloring with OCG OFF on input line 6455.
Package hyperref Info: PDF/A mode OFF on input line 6460.
LaTeX Info: Redefining \ref on input line 6500.
LaTeX Info: Redefining \pageref on input line 6504.
(/usr/share/texlive/texmf-dist/tex/generic/atbegshi/atbegshi.sty
Package: atbegshi 2019/12/05 v1.19 At begin shipout hook (HO)
)
\Hy@abspage=\count279
\c@Item=\count280
\c@Hfootnote=\count281
)
Package hyperref Info: Driver (autodetected): hxetex.
(/usr/share/texlive/texmf-dist/tex/latex/hyperref/hxetex.def
File: hxetex.def 2020/01/14 v7.00d Hyperref driver for XeTeX
(/usr/share/texlive/texmf-dist/tex/generic/stringenc/stringenc.sty
Package: stringenc 2019/11/29 v1.12 Convert strings between diff. encodings (HO
)
)
\pdfm@box=\box48
\c@Hy@AnnotLevel=\count282
\HyField@AnnotCount=\count283
\Fld@listcount=\count284
\c@bookmark@seq@number=\count285
(/usr/share/texlive/texmf-dist/tex/latex/rerunfilecheck/rerunfilecheck.sty
Package: rerunfilecheck 2019/12/05 v1.9 Rerun checks for auxiliary files (HO)
(/usr/share/texlive/texmf-dist/tex/latex/atveryend/atveryend.sty
Package: atveryend 2019-12-11 v1.11 Hooks at the very end of document (HO)
) (/usr/share/texlive/texmf-dist/tex/generic/uniquecounter/uniquecounter.sty
Package: uniquecounter 2019/12/15 v1.4 Provide unlimited unique counter (HO)
)
Package uniquecounter Info: New unique counter `rerunfilecheck' on input line 2
86.
)
\Hy@SectionHShift=\skip52
) (/usr/share/texlive/texmf-dist/tex/latex/bookmark/bkm-dvipdfm.def
File: bkm-dvipdfm.def 2019/12/03 v1.28 bookmark driver for dvipdfm (HO)
\BKM@id=\count286
)) (/usr/share/texlive/texmf-dist/tex/latex/tools/longtable.sty
Package: longtable 2020/01/07 v4.13 Multi-page Table package (DPC)
\LTleft=\skip53
\LTright=\skip54
\LTpre=\skip55
\LTpost=\skip56
\LTchunksize=\count287
\LTcapwidth=\dimen152
\LT@head=\box49
\LT@firsthead=\box50
\LT@foot=\box51
\LT@lastfoot=\box52
\LT@cols=\count288
\LT@rows=\count289
\c@LT@tables=\count290
\c@LT@chunks=\count291
\LT@p@ftn=\toks21
) (/usr/share/texlive/texmf-dist/tex/latex/booktabs/booktabs.sty
Package: booktabs 2020/01/12 v1.61803398 Publication quality tables
\heavyrulewidth=\dimen153
\lightrulewidth=\dimen154
\cmidrulewidth=\dimen155
\belowrulesep=\dimen156
\belowbottomsep=\dimen157
\aboverulesep=\dimen158
\abovetopsep=\dimen159
\cmidrulesep=\dimen160
\cmidrulekern=\dimen161
\defaultaddspace=\dimen162
\@cmidla=\count292
\@cmidlb=\count293
\@aboverulesep=\dimen163
\@belowrulesep=\dimen164
\@thisruleclass=\count294
\@lastruleclass=\count295
\@thisrulewidth=\dimen165
) (/usr/share/texlive/texmf-dist/tex/latex/tools/array.sty
Package: array 2019/08/31 v2.4l Tabular extension package (FMi)
\col@sep=\dimen166
\ar@mcellbox=\box53
\extrarowheight=\dimen167
\NC@list=\toks22
\extratabsurround=\skip57
\backup@length=\skip58
\ar@cellbox=\box54
) (/usr/share/texlive/texmf-dist/tex/latex/tools/calc.sty
Package: calc 2017/05/25 v4.3 Infix arithmetic (KKT,FJ)
\calc@Acount=\count296
\calc@Bcount=\count297
\calc@Adimen=\dimen168
\calc@Bdimen=\dimen169
\calc@Askip=\skip59
\calc@Bskip=\skip60
LaTeX Info: Redefining \setlength on input line 80.
LaTeX Info: Redefining \addtolength on input line 81.
\calc@Ccount=\count298
\calc@Cskip=\skip61
) (/usr/share/texlive/texmf-dist/tex/latex/footnotehyper/footnotehyper.sty
Package: footnotehyper 2019/11/07 v1.1a hyperref aware footnote.sty (JFB)
\FNH@notes=\box55
\FNH@width=\dimen170
) (/usr/share/texlive/texmf-dist/tex/latex/graphics/graphicx.sty
Package: graphicx 2019/11/30 v1.2a Enhanced LaTeX Graphics (DPC,SPQR)
(/usr/share/texlive/texmf-dist/tex/latex/graphics/graphics.sty
Package: graphics 2019/11/30 v1.4a Standard LaTeX Graphics (DPC,SPQR)
(/usr/share/texlive/texmf-dist/tex/latex/graphics/trig.sty
Package: trig 2016/01/03 v1.10 sin cos tan (DPC)
) (/usr/share/texlive/texmf-dist/tex/latex/graphics-cfg/graphics.cfg
File: graphics.cfg 2016/06/04 v1.11 sample graphics configuration
)
Package graphics Info: Driver file: xetex.def on input line 105.
)
\Gin@req@height=\dimen171
\Gin@req@width=\dimen172
)
\cslhangindent=\skip62
\csllabelwidth=\skip63
\cslentryspacingunit=\skip64
(/usr/share/texlive/texmf-dist/tex/latex/titling/titling.sty
Package: titling 2009/09/04 v2.1d maketitle typesetting
\thanksmarkwidth=\skip65
\thanksmargin=\skip66
\droptitle=\skip67
) (/usr/share/texlive/texmf-dist/tex/latex/caption/caption.sty
Package: caption 2020/01/03 v3.4h Customizing captions (AR)
(/usr/share/texlive/texmf-dist/tex/latex/caption/caption3.sty
Package: caption3 2020/01/03 v1.8h caption3 kernel (AR)
Package caption3 Info: TeX engine: e-TeX on input line 61.
\captionmargin=\dimen173
\captionmargin@=\dimen174
\captionwidth=\dimen175
\caption@tempdima=\dimen176
\caption@indent=\dimen177
\caption@parindent=\dimen178
\caption@hangindent=\dimen179
Package caption Info: Standard document class detected.
)
\c@caption@flags=\count299
\c@continuedfloat=\count300
Package caption Info: hyperref package is loaded.
Package caption Info: longtable package is loaded.
(/usr/share/texlive/texmf-dist/tex/latex/caption/ltcaption.sty
Package: ltcaption 2018/08/26 v1.4a longtable captions (AR)
)) (/usr/share/texlive/texmf-dist/tex/latex/siunitx/siunitx.sty
Package: siunitx 2020/01/15 v2.7u A comprehensive (SI) units package
\l__siunitx_tmp_box=\box56
\l__siunitx_tmp_dim=\dimen180
\l__siunitx_tmp_int=\count301
\l__siunitx_number_mantissa_length_int=\count302
\l__siunitx_number_uncert_length_int=\count303
\l__siunitx_round_int=\count304
\l__siunitx_process_decimal_int=\count305
\l__siunitx_process_uncertainty_int=\count306
\l__siunitx_process_fixed_int=\count307
\l__siunitx_process_integer_min_int=\count308
\l__siunitx_process_precision_int=\count309
\l__siunitx_group_min_int=\count310
\l__siunitx_angle_marker_box=\box57
\l__siunitx_angle_unit_box=\box58
\l__siunitx_angle_marker_dim=\dimen181
\l__siunitx_angle_unit_dim=\dimen182
\l__siunitx_unit_int=\count311
\l__siunitx_unit_denominator_int=\count312
\l__siunitx_unit_numerator_int=\count313
\l__siunitx_unit_prefix_int=\count314
\l__siunitx_unit_prefix_base_int=\count315
\l__siunitx_unit_prefix_gram_int=\count316
\l__siunitx_number_product_int=\count317
\c__siunitx_one_fill_skip=\skip68
\l__siunitx_table_unit_align_skip=\skip69
\l__siunitx_table_exponent_dim=\dimen183
\l__siunitx_table_integer_dim=\dimen184
\l__siunitx_table_mantissa_dim=\dimen185
\l__siunitx_table_marker_dim=\dimen186
\l__siunitx_table_result_dim=\dimen187
\l__siunitx_table_uncert_dim=\dimen188
\l__siunitx_table_fill_pre_dim=\dimen189
\l__siunitx_table_fill_post_dim=\dimen190
\l__siunitx_table_fill_mid_dim=\dimen191
\l__siunitx_table_pre_box=\box59
\l__siunitx_table_post_box=\box60
\l__siunitx_table_mantissa_box=\box61
\l__siunitx_table_result_box=\box62
\l__siunitx_table_number_align_skip=\skip70
\l__siunitx_table_text_align_skip=\skip71
(/usr/share/texlive/texmf-dist/tex/latex/translator/translator.sty
Package: translator 2019-05-31 v1.12a Easy translation of strings in LaTeX
)) (/usr/share/texlive/texmf-dist/tex/generic/ulem/ulem.sty
\UL@box=\box63
\UL@hyphenbox=\box64
\UL@skip=\skip72
\UL@hook=\toks23
\UL@height=\dimen192
\UL@pe=\count318
\UL@pixel=\dimen193
\ULC@box=\box65
Package: ulem 2019/11/18
\ULdepth=\dimen194
) (/usr/share/texlive/texmf-dist/tex/latex/colortbl/colortbl.sty
Package: colortbl 2020/01/04 v1.0e Color table columns (DPC)
\everycr=\toks24
\minrowclearance=\skip73
) (/usr/share/texlive/texmf-dist/tex/latex/multirow/multirow.sty
Package: multirow 2019/05/31 v2.5 Span multiple rows of a table
\multirow@colwidth=\skip74
\multirow@cntb=\count319
\multirow@dima=\skip75
\bigstrutjot=\dimen195
) (/usr/share/texlive/texmf-dist/tex/latex/tools/hhline.sty
Package: hhline 2020/01/04 v2.04 Table rule package (DPC)
) (/usr/share/texlive/texmf-dist/tex/latex/tools/tabularx.sty
Package: tabularx 2020/01/15 v2.11c `tabularx' package (DPC)
\TX@col@width=\dimen196
\TX@old@table=\dimen197
\TX@old@col=\dimen198
\TX@target=\dimen199
\TX@delta=\dimen256
\TX@cols=\count320
\TX@ftn=\toks25
) (/usr/share/texlive/texmf-dist/tex/latex/threeparttable/threeparttable.sty
Package: threeparttable 2003/06/13  v 3.0
\@tempboxb=\box66
) (/usr/share/texlive/texmf-dist/tex/latex/wrapfig/wrapfig.sty
\wrapoverhang=\dimen257
\WF@size=\dimen258
\c@WF@wrappedlines=\count321
\WF@box=\box67
\WF@everypar=\toks26
Package: wrapfig 2003/01/31  v 3.6
) (/usr/share/texlive/texmf-dist/tex/latex/adjustbox/adjustbox.sty
Package: adjustbox 2019/01/04 v1.2 Adjusting TeX boxes (trim, clip, ...)
(/usr/share/texlive/texmf-dist/tex/latex/xkeyval/xkeyval.sty
Package: xkeyval 2014/12/03 v2.7a package option processing (HA)
(/usr/share/texlive/texmf-dist/tex/generic/xkeyval/xkeyval.tex (/usr/share/texl
ive/texmf-dist/tex/generic/xkeyval/xkvutils.tex
\XKV@toks=\toks27
\XKV@tempa@toks=\toks28
)
\XKV@depth=\count322
File: xkeyval.tex 2014/12/03 v2.7a key=value parser (HA)
)) (/usr/share/texlive/texmf-dist/tex/latex/adjustbox/adjcalc.sty
Package: adjcalc 2012/05/16 v1.1 Provides advanced setlength with multiple back
-ends (calc, etex, pgfmath)
) (/usr/share/texlive/texmf-dist/tex/latex/adjustbox/trimclip.sty
Package: trimclip 2018/04/08 v1.1 Trim and clip general TeX material
(/usr/share/texlive/texmf-dist/tex/latex/collectbox/collectbox.sty
Package: collectbox 2012/05/17 v0.4b Collect macro arguments as boxes
\collectedbox=\box68
)
\tc@llx=\dimen259
\tc@lly=\dimen260
\tc@urx=\dimen261
\tc@ury=\dimen262
Package trimclip Info: Using driver 'tc-xetex.def'.
(/usr/share/texlive/texmf-dist/tex/latex/adjustbox/tc-xetex.def
File: tc-xetex.def 2019/01/04 v2.2 Clipping driver for xetex
))
\adjbox@Width=\dimen263
\adjbox@Height=\dimen264
\adjbox@Depth=\dimen265
\adjbox@Totalheight=\dimen266
\adjbox@pwidth=\dimen267
\adjbox@pheight=\dimen268
\adjbox@pdepth=\dimen269
\adjbox@ptotalheight=\dimen270
(/usr/share/texlive/texmf-dist/tex/latex/ifoddpage/ifoddpage.sty
Package: ifoddpage 2016/04/23 v1.1 Conditionals for odd/even page detection
\c@checkoddpage=\count323
) (/usr/share/texlive/texmf-dist/tex/latex/varwidth/varwidth.sty
Package: varwidth 2009/03/30 ver 0.92;  Variable-width minipages
\@vwid@box=\box69
\sift@deathcycles=\count324
\@vwid@loff=\dimen271
\@vwid@roff=\dimen272
)) (./lsj.aux)
\openout1 = `lsj.aux'.

LaTeX Font Info:    Checking defaults for OML/cmm/m/it on input line 123.
LaTeX Font Info:    ... okay on input line 123.
LaTeX Font Info:    Checking defaults for OMS/cmsy/m/n on input line 123.
LaTeX Font Info:    ... okay on input line 123.
LaTeX Font Info:    Checking defaults for OT1/cmr/m/n on input line 123.
LaTeX Font Info:    ... okay on input line 123.
LaTeX Font Info:    Checking defaults for T1/cmr/m/n on input line 123.
LaTeX Font Info:    ... okay on input line 123.
LaTeX Font Info:    Checking defaults for TS1/cmr/m/n on input line 123.
LaTeX Font Info:    ... okay on input line 123.
LaTeX Font Info:    Checking defaults for TU/lmr/m/n on input line 123.
LaTeX Font Info:    ... okay on input line 123.
LaTeX Font Info:    Checking defaults for OMX/cmex/m/n on input line 123.
LaTeX Font Info:    ... okay on input line 123.
LaTeX Font Info:    Checking defaults for U/cmr/m/n on input line 123.
LaTeX Font Info:    ... okay on input line 123.
LaTeX Font Info:    Checking defaults for PD1/pdf/m/n on input line 123.
LaTeX Font Info:    ... okay on input line 123.
LaTeX Font Info:    Checking defaults for PU/pdf/m/n on input line 123.
LaTeX Font Info:    ... okay on input line 123.
LaTeX Font Info:    Overwriting math alphabet `\mathrm' in version `normal'
(Font)                  OT1/lmr/m/n --> TU/lmr/m/n on input line 123.
LaTeX Font Info:    Overwriting math alphabet `\mathit' in version `normal'
(Font)                  OT1/lmr/m/it --> TU/lmr/m/it on input line 123.
LaTeX Font Info:    Overwriting math alphabet `\mathbf' in version `normal'
(Font)                  OT1/lmr/bx/n --> TU/lmr/bx/n on input line 123.
LaTeX Font Info:    Overwriting math alphabet `\mathsf' in version `normal'
(Font)                  OT1/lmss/m/n --> TU/lmss/m/n on input line 123.
LaTeX Font Info:    Overwriting math alphabet `\mathsf' in version `bold'
(Font)                  OT1/lmss/bx/n --> TU/lmss/bx/n on input line 123.
LaTeX Font Info:    Overwriting math alphabet `\mathtt' in version `normal'
(Font)                  OT1/lmtt/m/n --> TU/lmtt/m/n on input line 123.
LaTeX Font Info:    Overwriting math alphabet `\mathtt' in version `bold'
(Font)                  OT1/lmtt/m/n --> TU/lmtt/bx/n on input line 123.

Package fontspec Info: latinmodern-math scale = 0.9999964596882403.


Package fontspec Info: latinmodern-math scale = 0.9999964596882403.


Package fontspec Info: latinmodern-math scale = 0.9999964596882403.


Package fontspec Info: Font family 'latinmodern-math.otf(0)' created for font
(fontspec)             'latinmodern-math.otf' with options
(fontspec)             [Scale=MatchLowercase,BoldItalicFont={},ItalicFont={},Sm
allCapsFont={},Script=Math,BoldFont={latinmodern-math.otf}].
(fontspec)              
(fontspec)              This font family consists of the following NFSS
(fontspec)             series/shapes:
(fontspec)              
(fontspec)             - 'normal' (m/n) with NFSS spec.:
(fontspec)             <->s*[0.9999964596882403]"[latinmodern-math.otf]/OT:scri
pt=math;language=dflt;"
(fontspec)             - 'small caps'  (m/sc) with NFSS spec.: 
(fontspec)             - 'bold' (b/n) with NFSS spec.:
(fontspec)             <->s*[0.9999964596882403]"[latinmodern-math.otf]/OT:scri
pt=math;language=dflt;"
(fontspec)             - 'bold small caps'  (b/sc) with NFSS spec.: 

LaTeX Font Info:    Font shape `TU/latinmodern-math.otf(0)/m/n' will be
(Font)              scaled to size 10.0pt on input line 123.

Package fontspec Info: latinmodern-math scale = 0.9999964596882403.


Package fontspec Info: latinmodern-math scale = 0.9999964596882403.


Package fontspec Info: latinmodern-math scale = 0.9999964596882403.


Package fontspec Info: latinmodern-math scale = 0.9999964596882403.


Package fontspec Info: latinmodern-math scale = 0.9999964596882403.


Package fontspec Info: Font family 'latinmodern-math.otf(1)' created for font
(fontspec)             'latinmodern-math.otf' with options
(fontspec)             [Scale=MatchLowercase,BoldItalicFont={},ItalicFont={},Sm
allCapsFont={},Script=Math,SizeFeatures={{Size=8.5-},{Size=6-8.5,Font=latinmode
rn-math.otf,Style=MathScript},{Size=-6,Font=latinmodern-math.otf,Style=MathScri
ptScript}},BoldFont={latinmodern-math.otf}].
(fontspec)              
(fontspec)              This font family consists of the following NFSS
(fontspec)             series/shapes:
(fontspec)              
(fontspec)             - 'normal' (m/n) with NFSS spec.:
(fontspec)             <8.5->s*[0.9999964596882403]"[latinmodern-math.otf]/OT:s
cript=math;language=dflt;"<6-8.5>s*[0.9999964596882403]"[latinmodern-math.otf]/
OT:script=math;language=dflt;+ssty=0;"<-6>s*[0.9999964596882403]"[latinmodern-m
ath.otf]/OT:script=math;language=dflt;+ssty=1;"
(fontspec)             - 'small caps'  (m/sc) with NFSS spec.: 
(fontspec)             - 'bold' (b/n) with NFSS spec.:
(fontspec)             <->s*[0.9999964596882403]"[latinmodern-math.otf]/OT:scri
pt=math;language=dflt;"
(fontspec)             - 'bold small caps'  (b/sc) with NFSS spec.: 

LaTeX Font Info:    Font shape `TU/latinmodern-math.otf(1)/m/n' will be
(Font)              scaled to size 10.0pt on input line 123.
LaTeX Font Info:    Encoding `OT1' has changed to `TU' for symbol font
(Font)              `operators' in the math version `normal' on input line 123.

LaTeX Font Info:    Overwriting symbol font `operators' in version `normal'
(Font)                  OT1/lmr/m/n --> TU/latinmodern-math.otf(1)/m/n on input
 line 123.
LaTeX Font Info:    Encoding `OT1' has changed to `TU' for symbol font
(Font)              `operators' in the math version `bold' on input line 123.
LaTeX Font Info:    Overwriting symbol font `operators' in version `bold'
(Font)                  OT1/lmr/bx/n --> TU/latinmodern-math.otf(1)/b/n on inpu
t line 123.

Package fontspec Info: latinmodern-math scale = 0.9999964596882403.


Package fontspec Info: latinmodern-math scale = 1.000096459334209.


Package fontspec Info: latinmodern-math scale = 0.9999964596882403.


Package fontspec Info: latinmodern-math scale = 1.000096459334209.


Package fontspec Info: latinmodern-math scale = 0.9999964596882403.


Package fontspec Info: latinmodern-math scale = 1.000096459334209.


Package fontspec Info: latinmodern-math scale = 0.9999964596882403.


Package fontspec Info: latinmodern-math scale = 1.000096459334209.


Package fontspec Info: latinmodern-math scale = 0.9999964596882403.


Package fontspec Info: latinmodern-math scale = 1.000096459334209.


Package fontspec Info: Font family 'latinmodern-math.otf(2)' created for font
(fontspec)             'latinmodern-math.otf' with options
(fontspec)             [Scale=MatchLowercase,BoldItalicFont={},ItalicFont={},Sm
allCapsFont={},Script=Math,SizeFeatures={{Size=8.5-},{Size=6-8.5,Font=latinmode
rn-math.otf,Style=MathScript},{Size=-6,Font=latinmodern-math.otf,Style=MathScri
ptScript}},BoldFont={latinmodern-math.otf},ScaleAgain=1.0001,FontAdjustment={\f
ontdimen
(fontspec)             8\font =6.77pt\relax \fontdimen 9\font =3.94pt\relax
(fontspec)             \fontdimen 10\font =4.44pt\relax \fontdimen 11\font
(fontspec)             =6.86pt\relax \fontdimen 12\font =3.45pt\relax
(fontspec)             \fontdimen 13\font =3.63pt\relax \fontdimen 14\font
(fontspec)             =3.63pt\relax \fontdimen 15\font =2.89pt\relax
(fontspec)             \fontdimen 16\font =2.47pt\relax \fontdimen 17\font
(fontspec)             =2.47pt\relax \fontdimen 18\font =2.5pt\relax
(fontspec)             \fontdimen 19\font =2.0pt\relax \fontdimen 22\font
(fontspec)             =2.5pt\relax \fontdimen 20\font =0pt\relax \fontdimen
(fontspec)             21\font =0pt\relax }].
(fontspec)              
(fontspec)              This font family consists of the following NFSS
(fontspec)             series/shapes:
(fontspec)              
(fontspec)             - 'normal' (m/n) with NFSS spec.:
(fontspec)             <8.5->s*[1.000096459334209]"[latinmodern-math.otf]/OT:sc
ript=math;language=dflt;"<6-8.5>s*[1.000096459334209]"[latinmodern-math.otf]/OT
:script=math;language=dflt;+ssty=0;"<-6>s*[1.000096459334209]"[latinmodern-math
.otf]/OT:script=math;language=dflt;+ssty=1;"
(fontspec)             - 'small caps'  (m/sc) with NFSS spec.: 
(fontspec)             and font adjustment code:
(fontspec)             \fontdimen 8\font =6.77pt\relax \fontdimen 9\font
(fontspec)             =3.94pt\relax \fontdimen 10\font =4.44pt\relax
(fontspec)             \fontdimen 11\font =6.86pt\relax \fontdimen 12\font
(fontspec)             =3.45pt\relax \fontdimen 13\font =3.63pt\relax
(fontspec)             \fontdimen 14\font =3.63pt\relax \fontdimen 15\font
(fontspec)             =2.89pt\relax \fontdimen 16\font =2.47pt\relax
(fontspec)             \fontdimen 17\font =2.47pt\relax \fontdimen 18\font
(fontspec)             =2.5pt\relax \fontdimen 19\font =2.0pt\relax \fontdimen
(fontspec)             22\font =2.5pt\relax \fontdimen 20\font =0pt\relax
(fontspec)             \fontdimen 21\font =0pt\relax 
(fontspec)             - 'bold' (b/n) with NFSS spec.:
(fontspec)             <->s*[1.000096459334209]"[latinmodern-math.otf]/OT:scrip
t=math;language=dflt;"
(fontspec)             - 'bold small caps'  (b/sc) with NFSS spec.: 
(fontspec)             and font adjustment code:
(fontspec)             \fontdimen 8\font =6.77pt\relax \fontdimen 9\font
(fontspec)             =3.94pt\relax \fontdimen 10\font =4.44pt\relax
(fontspec)             \fontdimen 11\font =6.86pt\relax \fontdimen 12\font
(fontspec)             =3.45pt\relax \fontdimen 13\font =3.63pt\relax
(fontspec)             \fontdimen 14\font =3.63pt\relax \fontdimen 15\font
(fontspec)             =2.89pt\relax \fontdimen 16\font =2.47pt\relax
(fontspec)             \fontdimen 17\font =2.47pt\relax \fontdimen 18\font
(fontspec)             =2.5pt\relax \fontdimen 19\font =2.0pt\relax \fontdimen
(fontspec)             22\font =2.5pt\relax \fontdimen 20\font =0pt\relax
(fontspec)             \fontdimen 21\font =0pt\relax 

LaTeX Font Info:    Encoding `OMS' has changed to `TU' for symbol font
(Font)              `symbols' in the math version `normal' on input line 123.
LaTeX Font Info:    Overwriting symbol font `symbols' in version `normal'
(Font)                  OMS/lmsy/m/n --> TU/latinmodern-math.otf(2)/m/n on inpu
t line 123.
LaTeX Font Info:    Encoding `OMS' has changed to `TU' for symbol font
(Font)              `symbols' in the math version `bold' on input line 123.
LaTeX Font Info:    Overwriting symbol font `symbols' in version `bold'
(Font)                  OMS/lmsy/b/n --> TU/latinmodern-math.otf(2)/b/n on inpu
t line 123.

Package fontspec Info: latinmodern-math scale = 0.9999964596882403.


Package fontspec Info: latinmodern-math scale = 0.9998964600422715.


Package fontspec Info: latinmodern-math scale = 0.9999964596882403.


Package fontspec Info: latinmodern-math scale = 0.9998964600422715.


Package fontspec Info: latinmodern-math scale = 0.9999964596882403.


Package fontspec Info: latinmodern-math scale = 0.9998964600422715.


Package fontspec Info: latinmodern-math scale = 0.9999964596882403.


Package fontspec Info: latinmodern-math scale = 0.9998964600422715.


Package fontspec Info: latinmodern-math scale = 0.9999964596882403.


Package fontspec Info: latinmodern-math scale = 0.9998964600422715.


Package fontspec Info: Font family 'latinmodern-math.otf(3)' created for font
(fontspec)             'latinmodern-math.otf' with options
(fontspec)             [Scale=MatchLowercase,BoldItalicFont={},ItalicFont={},Sm
allCapsFont={},Script=Math,SizeFeatures={{Size=8.5-},{Size=6-8.5,Font=latinmode
rn-math.otf,Style=MathScript},{Size=-6,Font=latinmodern-math.otf,Style=MathScri
ptScript}},BoldFont={latinmodern-math.otf},ScaleAgain=0.9999,FontAdjustment={\f
ontdimen
(fontspec)             8\font =0.4pt\relax \fontdimen 9\font =2.0pt\relax
(fontspec)             \fontdimen 10\font =1.67pt\relax \fontdimen 11\font
(fontspec)             =1.11pt\relax \fontdimen 12\font =6.0pt\relax
(fontspec)             \fontdimen 13\font =0pt\relax }].
(fontspec)              
(fontspec)              This font family consists of the following NFSS
(fontspec)             series/shapes:
(fontspec)              
(fontspec)             - 'normal' (m/n) with NFSS spec.:
(fontspec)             <8.5->s*[0.9998964600422715]"[latinmodern-math.otf]/OT:s
cript=math;language=dflt;"<6-8.5>s*[0.9998964600422715]"[latinmodern-math.otf]/
OT:script=math;language=dflt;+ssty=0;"<-6>s*[0.9998964600422715]"[latinmodern-m
ath.otf]/OT:script=math;language=dflt;+ssty=1;"
(fontspec)             - 'small caps'  (m/sc) with NFSS spec.: 
(fontspec)             and font adjustment code:
(fontspec)             \fontdimen 8\font =0.4pt\relax \fontdimen 9\font
(fontspec)             =2.0pt\relax \fontdimen 10\font =1.67pt\relax
(fontspec)             \fontdimen 11\font =1.11pt\relax \fontdimen 12\font
(fontspec)             =6.0pt\relax \fontdimen 13\font =0pt\relax 
(fontspec)             - 'bold' (b/n) with NFSS spec.:
(fontspec)             <->s*[0.9998964600422715]"[latinmodern-math.otf]/OT:scri
pt=math;language=dflt;"
(fontspec)             - 'bold small caps'  (b/sc) with NFSS spec.: 
(fontspec)             and font adjustment code:
(fontspec)             \fontdimen 8\font =0.4pt\relax \fontdimen 9\font
(fontspec)             =2.0pt\relax \fontdimen 10\font =1.67pt\relax
(fontspec)             \fontdimen 11\font =1.11pt\relax \fontdimen 12\font
(fontspec)             =6.0pt\relax \fontdimen 13\font =0pt\relax 

LaTeX Font Info:    Encoding `OMX' has changed to `TU' for symbol font
(Font)              `largesymbols' in the math version `normal' on input line 1
23.
LaTeX Font Info:    Overwriting symbol font `largesymbols' in version `normal'
(Font)                  OMX/lmex/m/n --> TU/latinmodern-math.otf(3)/m/n on inpu
t line 123.
LaTeX Font Info:    Encoding `OMX' has changed to `TU' for symbol font
(Font)              `largesymbols' in the math version `bold' on input line 123
.
LaTeX Font Info:    Overwriting symbol font `largesymbols' in version `bold'
(Font)                  OMX/lmex/m/n --> TU/latinmodern-math.otf(3)/b/n on inpu
t line 123.
LaTeX Info: Redefining \microtypecontext on input line 123.
Package microtype Info: Character protrusion enabled (level 2).
Package microtype Info: Using protrusion set `basicmath'.
Package microtype Info: No adjustment of tracking.
Package microtype Info: No adjustment of spacing.
Package microtype Info: No adjustment of kerning.
(/usr/share/texlive/texmf-dist/tex/latex/microtype/mt-LatinModernRoman.cfg
File: mt-LatinModernRoman.cfg 2013/03/13 v1.0 microtype config. file: Latin Mod
ern Roman (RS)
)
\AtBeginShipoutBox=\box70
Package hyperref Info: Link coloring OFF on input line 123.
(/usr/share/texlive/texmf-dist/tex/latex/hyperref/nameref.sty
Package: nameref 2019/09/16 v2.46 Cross-referencing by name of section
(/usr/share/texlive/texmf-dist/tex/latex/refcount/refcount.sty
Package: refcount 2019/12/15 v3.6 Data extraction from label references (HO)
) (/usr/share/texlive/texmf-dist/tex/generic/gettitlestring/gettitlestring.sty
Package: gettitlestring 2019/12/15 v1.6 Cleanup title references (HO)
)
\c@section@level=\count325
)
LaTeX Info: Redefining \ref on input line 123.
LaTeX Info: Redefining \pageref on input line 123.
LaTeX Info: Redefining \nameref on input line 123.
Package caption Info: Begin \AtBeginDocument code.
Package caption Info: threeparttable package is loaded.
Package caption Info: wrapfig package is loaded.
Package caption Info: End \AtBeginDocument code.

(/usr/share/texlive/texmf-dist/tex/latex/translator/translator-basic-dictionary
-English.dict
Dictionary: translator-basic-dictionary, Language: English 
) (/usr/share/texlive/texmf-dist/tex/latex/siunitx/siunitx-abbreviations.cfg
File: siunitx-abbreviations.cfg 2017/11/26 v2.7k siunitx: Abbreviated units
)
LaTeX Font Info:    Font shape `TU/latinmodern-math.otf(1)/m/n' will be
(Font)              scaled to size 7.0pt on input line 123.
LaTeX Font Info:    Font shape `TU/latinmodern-math.otf(1)/m/n' will be
(Font)              scaled to size 5.0pt on input line 123.
LaTeX Font Info:    Trying to load font information for OML+lmm on input line 1
23.
(/usr/share/texmf/tex/latex/lm/omllmm.fd
File: omllmm.fd 2009/10/30 v1.6 Font defs for Latin Modern
)
LaTeX Font Info:    Font shape `TU/latinmodern-math.otf(2)/m/n' will be
(Font)              scaled to size 10.00092pt on input line 123.
LaTeX Font Info:    Font shape `TU/latinmodern-math.otf(2)/m/n' will be
(Font)              scaled to size 7.00064pt on input line 123.
LaTeX Font Info:    Font shape `TU/latinmodern-math.otf(2)/m/n' will be
(Font)              scaled to size 5.00046pt on input line 123.
LaTeX Font Info:    Font shape `TU/latinmodern-math.otf(3)/m/n' will be
(Font)              scaled to size 9.99893pt on input line 123.
LaTeX Font Info:    Font shape `TU/latinmodern-math.otf(3)/m/n' will be
(Font)              scaled to size 6.99925pt on input line 123.
LaTeX Font Info:    Font shape `TU/latinmodern-math.otf(3)/m/n' will be
(Font)              scaled to size 4.99947pt on input line 123.
LaTeX Font Info:    Trying to load font information for U+msa on input line 123
.
(/usr/share/texlive/texmf-dist/tex/latex/amsfonts/umsa.fd
File: umsa.fd 2013/01/14 v3.01 AMS symbols A
) (/usr/share/texlive/texmf-dist/tex/latex/microtype/mt-msa.cfg
File: mt-msa.cfg 2006/02/04 v1.1 microtype config. file: AMS symbols (a) (RS)
)
LaTeX Font Info:    Trying to load font information for U+msb on input line 123
.
(/usr/share/texlive/texmf-dist/tex/latex/amsfonts/umsb.fd
File: umsb.fd 2013/01/14 v3.01 AMS symbols B
) (/usr/share/texlive/texmf-dist/tex/latex/microtype/mt-msb.cfg
File: mt-msb.cfg 2005/06/01 v1.0 microtype config. file: AMS symbols (b) (RS)
)
Package microtype Info: Loading generic protrusion settings for font family
(microtype)             `lmss' (encoding: TU).
(microtype)             For optimal results, create family-specific settings.
(microtype)             See the microtype manual for details.
File: images/bookcover_original.png Graphic file (type bmp)
<images/bookcover_original.png>
LaTeX Font Info:    Font shape `TU/latinmodern-math.otf(1)/m/n' will be
(Font)              scaled to size 12.0pt on input line 124.
LaTeX Font Info:    Font shape `TU/latinmodern-math.otf(1)/m/n' will be
(Font)              scaled to size 8.0pt on input line 124.
LaTeX Font Info:    Font shape `TU/latinmodern-math.otf(1)/m/n' will be
(Font)              scaled to size 6.0pt on input line 124.
LaTeX Font Info:    Font shape `TU/latinmodern-math.otf(2)/m/n' will be
(Font)              scaled to size 12.0011pt on input line 124.
LaTeX Font Info:    Font shape `TU/latinmodern-math.otf(2)/m/n' will be
(Font)              scaled to size 8.00073pt on input line 124.
LaTeX Font Info:    Font shape `TU/latinmodern-math.otf(2)/m/n' will be
(Font)              scaled to size 6.00055pt on input line 124.
LaTeX Font Info:    Font shape `TU/latinmodern-math.otf(3)/m/n' will be
(Font)              scaled to size 11.99872pt on input line 124.
LaTeX Font Info:    Font shape `TU/latinmodern-math.otf(3)/m/n' will be
(Font)              scaled to size 7.99915pt on input line 124.
LaTeX Font Info:    Font shape `TU/latinmodern-math.otf(3)/m/n' will be
(Font)              scaled to size 5.99936pt on input line 124.
[1


] [2

] (./lsj.toc [3] [4] [5] [6])
\tf@toc=\write3
\openout3 = `lsj.toc'.

[7] [8

] [9] [10

] [11] [12] [13] [14]
Missing character: There is no χ in font [lmroman10-regular]:mapping=tex-text;!
[15] [16] [17

] [18]
Chapter 1.
[19

] [20] [21]
Missing character: There is no ^^80 in font [lmroman10-regular]:mapping=tex-tex
t;!
Missing character: There is no ^^9d in font [lmroman10-regular]:mapping=tex-tex
t;!
Missing character: There is no ^^80 in font [lmroman10-regular]:mapping=tex-tex
t;!
Missing character: There is no ^^9d in font [lmroman10-regular]:mapping=tex-tex
t;!
[22]
Underfull \hbox (badness 10000) in paragraph at lines 693--693
[][][]\TU/lmr/m/n/8 Earlier versions of these notes incorrectly suggested that 
they actually
 []


Underfull \hbox (badness 3930) in paragraph at lines 693--693
\TU/lmr/m/n/8 were sued. But that’s not true. There’s a nice commentary on this
 here:
 []


Underfull \hbox (badness 1281) in paragraph at lines 693--693
[]\TU/lmr/m/n/8 https://www.refsmmat.com/posts/2016-05-08-simpsons-paradox-berk
eley. html.[] A big
 []

[23] [24]
File: images/Figure1.png Graphic file (type bmp)
<images/Figure1.png>

Underfull \vbox (badness 2698) has occurred while \output is active []

[25] [26] [27] [28]
Underfull \hbox (badness 1082) in paragraph at lines 853--853
[]\TU/lmr/bx/n/14.4 There’s more to research methods than
 []

[29] [30]
Chapter 2.

Underfull \hbox (badness 3471) in paragraph at lines 866--866
[][][]\TU/lmr/m/n/8 Presidential Address to the First Indian Statistical Congre
ss, 1938. Source:
 []

[31

] [32] [33] [34] [35]
Missing character: There is no ^^80 in font [lmroman10-regular]:mapping=tex-tex
t;!
Missing character: There is no ^^99 in font [lmroman10-regular]:mapping=tex-tex
t;!
Missing character: There is no ^^80 in font [lmroman10-regular]:mapping=tex-tex
t;!
Missing character: There is no ^^99 in font [lmroman10-regular]:mapping=tex-tex
t;!
[36] [37] [38] [39] [40]
Underfull \hbox (badness 2435) in paragraph at lines 1342--1344
[]\TU/lmr/bx/n/10 Parallel forms reliability\TU/lmr/m/n/10 . This relates to co
nsistency across
 []


Underfull \hbox (badness 1442) in paragraph at lines 1342--1344
\TU/lmr/m/n/10 theoretically-equivalent measurements. If I use a different set 
of
 []

[41] [42]
Underfull \hbox (badness 4846) in paragraph at lines 1404--1404
[]\TU/lmr/bx/n/14.4 Experimental and non-experimental re-
 []

[43] [44] [45] [46] [47] [48]
Overfull \hbox (0.74452pt too wide) has occurred while \output is active
\TU/lmr/m/sl/10 2.7.  CONFOUNDS, ARTEFACTS AND OTHER THREATS TO VALIDITY \TU/lm
r/m/n/10 49
 []

[49] [50]
Overfull \hbox (0.74452pt too wide) has occurred while \output is active
\TU/lmr/m/sl/10 2.7.  CONFOUNDS, ARTEFACTS AND OTHER THREATS TO VALIDITY \TU/lm
r/m/n/10 51
 []

[51] [52]
Underfull \vbox (badness 10000) has occurred while \output is active []


Overfull \hbox (0.74452pt too wide) has occurred while \output is active
\TU/lmr/m/sl/10 2.7.  CONFOUNDS, ARTEFACTS AND OTHER THREATS TO VALIDITY \TU/lm
r/m/n/10 53
 []

[53] [54]
Underfull \vbox (badness 2012) has occurred while \output is active []


Overfull \hbox (0.74452pt too wide) has occurred while \output is active
\TU/lmr/m/sl/10 2.7.  CONFOUNDS, ARTEFACTS AND OTHER THREATS TO VALIDITY \TU/lm
r/m/n/10 55
 []

[55] [56]
Overfull \hbox (0.74452pt too wide) has occurred while \output is active
\TU/lmr/m/sl/10 2.7.  CONFOUNDS, ARTEFACTS AND OTHER THREATS TO VALIDITY \TU/lm
r/m/n/10 57
 []

[57] [58]
Overfull \hbox (0.74452pt too wide) has occurred while \output is active
\TU/lmr/m/sl/10 2.7.  CONFOUNDS, ARTEFACTS AND OTHER THREATS TO VALIDITY \TU/lm
r/m/n/10 59
 []

[59] [60] [61

] [62]
Chapter 3.
[63

] [64]
File: images/Figure2.png Graphic file (type bmp)
<images/Figure2.png>

Underfull \vbox (badness 3735) has occurred while \output is active []

[65]
File: images/Figure3.png Graphic file (type bmp)
<images/Figure3.png>
[66] [67]
File: images/Figure4.png Graphic file (type bmp)
<images/Figure4.png>
[68] [69]
File: images/Figure5.png Graphic file (type bmp)
<images/Figure5.png>
File: images/Figure6.png Graphic file (type bmp)
<images/Figure6.png>
[70] [71]
Underfull \vbox (badness 2020) has occurred while \output is active []

[72]
File: images/Figure7.png Graphic file (type bmp)
<images/Figure7.png>
[73] [74] [75] [76

] [77] [78]
Chapter 4.
File: images/Figure8.png Graphic file (type bmp)
<images/Figure8.png>
[79

]
File: images/Figure9.png Graphic file (type bmp)
<images/Figure9.png>
[80] [81] [82]
File: images/Figure10.png Graphic file (type bmp)
<images/Figure10.png>
[83]
File: images/Figure11.png Graphic file (type bmp)
<images/Figure11.png>
[84] [85]
Underfull \vbox (badness 2698) has occurred while \output is active []

[86]
File: images/Figure12.png Graphic file (type bmp)
<images/Figure12.png>
File: images/Figure13.png Graphic file (type bmp)
<images/Figure13.png>
[87] [88]
File: images/Figure14.png Graphic file (type bmp)
<images/Figure14.png>
[89] [90]
File: images/Figure15.png Graphic file (type bmp)
<images/Figure15.png>
[91]
Underfull \hbox (badness 10000) in alignment at lines 2268--2268
[][][][][] 
 []

[92]
Underfull \hbox (badness 10000) in alignment at lines 2380--2380
[][][][][] 
 []

[93]
File: images/Figure16.png Graphic file (type bmp)
<images/Figure16.png>
[94] [95] [96]
File: images/Figure17.png Graphic file (type bmp)
<images/Figure17.png>

Underfull \vbox (badness 10000) has occurred while \output is active []

[97]
File: images/Figure18.png Graphic file (type bmp)
<images/Figure18.png>
[98]
File: images/Figure19.png Graphic file (type bmp)
<images/Figure19.png>
Missing character: There is no ^^80 in font [lmroman10-regular]:mapping=tex-tex
t;!
Missing character: There is no ^^9d in font [lmroman10-regular]:mapping=tex-tex
t;!
Missing character: There is no ^^80 in font [lmroman10-regular]:mapping=tex-tex
t;!
Missing character: There is no ^^9d in font [lmroman10-regular]:mapping=tex-tex
t;!
Missing character: There is no ^^80 in font [lmroman10-regular]:mapping=tex-tex
t;!
Missing character: There is no ^^9d in font [lmroman10-regular]:mapping=tex-tex
t;!
Missing character: There is no ^^80 in font [lmroman10-regular]:mapping=tex-tex
t;!
Missing character: There is no ^^9d in font [lmroman10-regular]:mapping=tex-tex
t;!
[99]
Underfull \hbox (badness 1043) in paragraph at lines 2523--2523
[]\TU/lmr/bx/n/14.4 Descriptive statistics separately for each
 []

[100]
File: images/Figure20.png Graphic file (type bmp)
<images/Figure20.png>
File: images/Figure21.png Graphic file (type bmp)
<images/Figure21.png>
[101] [102] [103] [104] [105] [106

]
Chapter 5.
[107]
File: images/Figure22.png Graphic file (type bmp)
<images/Figure22.png>
[108]
File: images/Figure23.png Graphic file (type bmp)
<images/Figure23.png>
[109]
File: images/Figure24.png Graphic file (type bmp)
<images/Figure24.png>

Underfull \vbox (badness 10000) has occurred while \output is active []

[110]
File: images/Figure25.png Graphic file (type bmp)
<images/Figure25.png>
[111]
File: images/Figure26.png Graphic file (type bmp)
<images/Figure26.png>
[112]
File: images/Figure27.png Graphic file (type bmp)
<images/Figure27.png>
File: images/Figure28.png Graphic file (type bmp)
<images/Figure28.png>
[113]
File: images/Figure29.png Graphic file (type bmp)
<images/Figure29.png>
File: images/Figure30.png Graphic file (type bmp)
<images/Figure30.png>
File: images/Figure31.png Graphic file (type bmp)
<images/Figure31.png>
[114] [115]
File: images/Figure32.png Graphic file (type bmp)
<images/Figure32.png>
[116] [117] [118]
Chapter 6.
[119

] [120]
File: images/Figure33.png Graphic file (type bmp)
<images/Figure33.png>
File: images/Figure34.png Graphic file (type bmp)
<images/Figure34.png>
[121]
File: images/Figure35.png Graphic file (type bmp)
<images/Figure35.png>
[122] [123] [124] [125] [126]
Underfull \vbox (badness 4193) has occurred while \output is active []

[127]
File: images/Figure36.png Graphic file (type bmp)
<images/Figure36.png>
[128]
File: images/Figure6_6.png Graphic file (type bmp)
<images/Figure6_6.png>
[129] [130]
File: images/Figure40.png Graphic file (type bmp)
<images/Figure40.png>
[131] [132]
File: images/Figure38.png Graphic file (type bmp)
<images/Figure38.png>
File: images/Figure39.png Graphic file (type bmp)
<images/Figure39.png>
File: images/Figure41.png Graphic file (type bmp)
<images/Figure41.png>

Overfull \hbox (6.4529pt too wide) in paragraph at lines 3388--3388
 [][]\TU/lmr/m/n/10 BOXCOX(6.908, 
 []


Underfull \vbox (badness 10000) has occurred while \output is active []

[133] [134]
Overfull \hbox (2.57343pt too wide) has occurred while \output is active
\TU/lmr/m/sl/10 6.4.  A FEW MORE MATHEMATICAL FUNCTIONS AND OPERATIONS \TU/lmr/
m/n/10 135
 []

[135] [136]
Overfull \hbox (2.57343pt too wide) has occurred while \output is active
\TU/lmr/m/sl/10 6.4.  A FEW MORE MATHEMATICAL FUNCTIONS AND OPERATIONS \TU/lmr/
m/n/10 137
 []

[137] [138]
File: images/Figure42.png Graphic file (type bmp)
<images/Figure42.png>
[139] [140] [141

] [142] [143

] [144] [145] [146] [147] [148

]
Chapter 7.
[149] [150] [151]
Overfull \hbox (29.65263pt too wide) in paragraph at lines 3888--3888
 [][]\TU/lmr/bx/n/10 number 
 []


Overfull \hbox (11.72263pt too wide) in paragraph at lines 3888--3888
 \TU/lmr/bx/n/10 flips[] 
 []


Overfull \hbox (2.96263pt too wide) in paragraph at lines 3888--3888
 [][]\TU/lmr/bx/n/10 1[] 
 []


Overfull \hbox (2.96263pt too wide) in paragraph at lines 3888--3888
 [][]\TU/lmr/bx/n/10 2[] 
 []


Overfull \hbox (2.96263pt too wide) in paragraph at lines 3888--3888
 [][]\TU/lmr/bx/n/10 3[] 
 []


Overfull \hbox (2.96263pt too wide) in paragraph at lines 3888--3888
 [][]\TU/lmr/bx/n/10 4[] 
 []


Overfull \hbox (2.96263pt too wide) in paragraph at lines 3888--3888
 [][]\TU/lmr/bx/n/10 5[] 
 []


Overfull \hbox (2.96263pt too wide) in paragraph at lines 3888--3888
 [][]\TU/lmr/bx/n/10 6[] 
 []


Overfull \hbox (2.96263pt too wide) in paragraph at lines 3888--3888
 [][]\TU/lmr/bx/n/10 7[] 
 []


Overfull \hbox (2.96263pt too wide) in paragraph at lines 3888--3888
 [][]\TU/lmr/bx/n/10 8[] 
 []


Overfull \hbox (2.96263pt too wide) in paragraph at lines 3888--3888
 [][]\TU/lmr/bx/n/10 9[] 
 []


Overfull \hbox (8.71263pt too wide) in paragraph at lines 3888--3888
 [][]\TU/lmr/bx/n/10 10[] 
 []


Overfull \hbox (8.71263pt too wide) in paragraph at lines 3888--3888
 [][]\TU/lmr/bx/n/10 11[] 
 []


Overfull \hbox (8.71263pt too wide) in paragraph at lines 3888--3888
 [][]\TU/lmr/bx/n/10 12[] 
 []


Overfull \hbox (8.71263pt too wide) in paragraph at lines 3888--3888
 [][]\TU/lmr/bx/n/10 13[] 
 []


Overfull \hbox (8.71263pt too wide) in paragraph at lines 3888--3888
 [][]\TU/lmr/bx/n/10 14[] 
 []


Overfull \hbox (8.71263pt too wide) in paragraph at lines 3888--3888
 [][]\TU/lmr/bx/n/10 15[] 
 []


Overfull \hbox (8.71263pt too wide) in paragraph at lines 3888--3888
 [][]\TU/lmr/bx/n/10 16[] 
 []


Overfull \hbox (8.71263pt too wide) in paragraph at lines 3888--3888
 [][]\TU/lmr/bx/n/10 17[] 
 []


Overfull \hbox (8.71263pt too wide) in paragraph at lines 3888--3888
 [][]\TU/lmr/bx/n/10 18[] 
 []


Overfull \hbox (8.71263pt too wide) in paragraph at lines 3888--3888
 [][]\TU/lmr/bx/n/10 19[] 
 []


Overfull \hbox (2.71263pt too wide) in paragraph at lines 3888--3888
 [][]\TU/lmr/bx/n/10 20[] 
 []


Overfull \hbox (24.10263pt too wide) in paragraph at lines 3888--3888
 [][]\TU/lmr/m/n/10 number 
 []


Overfull \hbox (15.71263pt too wide) in paragraph at lines 3888--3888
 \TU/lmr/m/n/10 heads[] 
 []


Overfull \hbox (2.21263pt too wide) in paragraph at lines 3888--3888
 [][]\TU/lmr/m/n/10 0[] 
 []


Overfull \hbox (2.21263pt too wide) in paragraph at lines 3888--3888
 [][]\TU/lmr/m/n/10 1[] 
 []


Overfull \hbox (2.21263pt too wide) in paragraph at lines 3888--3888
 [][]\TU/lmr/m/n/10 2[] 
 []


Overfull \hbox (2.21263pt too wide) in paragraph at lines 3888--3888
 [][]\TU/lmr/m/n/10 3[] 
 []


Overfull \hbox (2.21263pt too wide) in paragraph at lines 3888--3888
 [][]\TU/lmr/m/n/10 4[] 
 []


Overfull \hbox (2.21263pt too wide) in paragraph at lines 3888--3888
 [][]\TU/lmr/m/n/10 4[] 
 []


Overfull \hbox (2.21263pt too wide) in paragraph at lines 3888--3888
 [][]\TU/lmr/m/n/10 4[] 
 []


Overfull \hbox (2.21263pt too wide) in paragraph at lines 3888--3888
 [][]\TU/lmr/m/n/10 5[] 
 []


Overfull \hbox (2.21263pt too wide) in paragraph at lines 3888--3888
 [][]\TU/lmr/m/n/10 6[] 
 []


Overfull \hbox (2.21263pt too wide) in paragraph at lines 3888--3888
 [][]\TU/lmr/m/n/10 7[] 
 []


Overfull \hbox (2.21263pt too wide) in paragraph at lines 3888--3888
 [][]\TU/lmr/m/n/10 8[] 
 []


Overfull \hbox (2.21263pt too wide) in paragraph at lines 3888--3888
 [][]\TU/lmr/m/n/10 8[] 
 []


Overfull \hbox (2.21263pt too wide) in paragraph at lines 3888--3888
 [][]\TU/lmr/m/n/10 9[] 
 []


Overfull \hbox (7.21263pt too wide) in paragraph at lines 3888--3888
 [][]\TU/lmr/m/n/10 10[] 
 []


Overfull \hbox (7.21263pt too wide) in paragraph at lines 3888--3888
 [][]\TU/lmr/m/n/10 10[] 
 []


Overfull \hbox (7.21263pt too wide) in paragraph at lines 3888--3888
 [][]\TU/lmr/m/n/10 10[] 
 []


Overfull \hbox (7.21263pt too wide) in paragraph at lines 3888--3888
 [][]\TU/lmr/m/n/10 10[] 
 []


Overfull \hbox (7.21263pt too wide) in paragraph at lines 3888--3888
 [][]\TU/lmr/m/n/10 10[] 
 []


Overfull \hbox (7.21263pt too wide) in paragraph at lines 3888--3888
 [][]\TU/lmr/m/n/10 10[] 
 []


Overfull \hbox (1.21263pt too wide) in paragraph at lines 3888--3888
 [][]\TU/lmr/m/n/10 11[] 
 []


Overfull \hbox (37.68263pt too wide) in paragraph at lines 3888--3888
 [][]\TU/lmr/m/n/10 proportion[] 
 []


Overfull \hbox (2.21263pt too wide) in paragraph at lines 3888--3888
 [][]\TU/lmr/m/n/10 0[] 
 []


Overfull \hbox (9.99263pt too wide) in paragraph at lines 3888--3888
 [][]\TU/lmr/m/n/10 0.5[] 
 []


Overfull \hbox (14.99263pt too wide) in paragraph at lines 3888--3888
 [][]\TU/lmr/m/n/10 0.67[] 
 []


Overfull \hbox (14.99263pt too wide) in paragraph at lines 3888--3888
 [][]\TU/lmr/m/n/10 0.75[] 
 []


Overfull \hbox (9.99263pt too wide) in paragraph at lines 3888--3888
 [][]\TU/lmr/m/n/10 0.8[] 
 []


Overfull \hbox (14.99263pt too wide) in paragraph at lines 3888--3888
 [][]\TU/lmr/m/n/10 0.67[] 
 []


Overfull \hbox (14.99263pt too wide) in paragraph at lines 3888--3888
 [][]\TU/lmr/m/n/10 0.57[] 
 []


Overfull \hbox (14.99263pt too wide) in paragraph at lines 3888--3888
 [][]\TU/lmr/m/n/10 0.63[] 
 []


Overfull \hbox (14.99263pt too wide) in paragraph at lines 3888--3888
 [][]\TU/lmr/m/n/10 0.67[] 
 []


Overfull \hbox (9.99263pt too wide) in paragraph at lines 3888--3888
 [][]\TU/lmr/m/n/10 0.7[] 
 []


Overfull \hbox (14.99263pt too wide) in paragraph at lines 3888--3888
 [][]\TU/lmr/m/n/10 0.73[] 
 []


Overfull \hbox (14.99263pt too wide) in paragraph at lines 3888--3888
 [][]\TU/lmr/m/n/10 0.67[] 
 []


Overfull \hbox (14.99263pt too wide) in paragraph at lines 3888--3888
 [][]\TU/lmr/m/n/10 0.69[] 
 []


Overfull \hbox (14.99263pt too wide) in paragraph at lines 3888--3888
 [][]\TU/lmr/m/n/10 0.71[] 
 []


Overfull \hbox (14.99263pt too wide) in paragraph at lines 3888--3888
 [][]\TU/lmr/m/n/10 0.67[] 
 []


Overfull \hbox (14.99263pt too wide) in paragraph at lines 3888--3888
 [][]\TU/lmr/m/n/10 0.63[] 
 []


Overfull \hbox (14.99263pt too wide) in paragraph at lines 3888--3888
 [][]\TU/lmr/m/n/10 0.59[] 
 []


Overfull \hbox (14.99263pt too wide) in paragraph at lines 3888--3888
 [][]\TU/lmr/m/n/10 0.56[] 
 []


Overfull \hbox (14.99263pt too wide) in paragraph at lines 3888--3888
 [][]\TU/lmr/m/n/10 0.53[] 
 []


Overfull \hbox (8.99263pt too wide) in paragraph at lines 3888--3888
 [][]\TU/lmr/m/n/10 0.55[] 
 []

[152] [153]
File: images/Figure43.png Graphic file (type bmp)
<images/Figure43.png>
[154] [155] [156] [157] [158]
File: images/Figure44.png Graphic file (type bmp)
<images/Figure44.png>
[159] [160]
Missing character: There is no 𝜃 in font [lmroman10-regular]:mapping=tex-text;!
File: images/Figure45.png Graphic file (type bmp)
<images/Figure45.png>
[161]
File: images/Figure46.png Graphic file (type bmp)
<images/Figure46.png>
File: images/Figure47.png Graphic file (type bmp)
<images/Figure47.png>
[162] [163] [164]
File: images/Figure48.png Graphic file (type bmp)
<images/Figure48.png>
[165]
File: images/Figure49.png Graphic file (type bmp)
<images/Figure49.png>
File: images/Figure50.png Graphic file (type bmp)
<images/Figure50.png>

Overfull \hbox (29.82664pt too wide) in paragraph at lines 4129--4132
[]\TU/lmr/m/n/10 \begin{figure} []
 []


Underfull \vbox (badness 10000) has occurred while \output is active []

[166]
File: images/Figure51.png Graphic file (type bmp)
<images/Figure51.png>

Overfull \hbox (29.8192pt too wide) in paragraph at lines 4133--4136
[]\TU/lmr/m/n/10 \begin{figure} []
 []

[167] [168]
File: images/Figure52.png Graphic file (type bmp)
<images/Figure52.png>
File: images/Figure53.png Graphic file (type bmp)
<images/Figure53.png>
File: images/Figure54.png Graphic file (type bmp)
<images/Figure54.png>
[169] [170]
Underfull \vbox (badness 10000) has occurred while \output is active []

[171] [172]
Chapter 8.
[173

]
Overfull \hbox (5.55452pt too wide) has occurred while \output is active
\TU/lmr/m/n/10 174 \TU/lmr/m/sl/10 CHAPTER 8.  ESTIMATING UNKOWN QUANTITIES FRO
M A SAMPLE
 []

[174]
File: images/Figure55.png Graphic file (type bmp)
<images/Figure55.png>
[175]
File: images/Figure56.png Graphic file (type bmp)
<images/Figure56.png>
File: images/Figure57.png Graphic file (type bmp)
<images/Figure57.png>

Overfull \hbox (5.55452pt too wide) has occurred while \output is active
\TU/lmr/m/n/10 176 \TU/lmr/m/sl/10 CHAPTER 8.  ESTIMATING UNKOWN QUANTITIES FRO
M A SAMPLE
 []

[176] [177]
Overfull \hbox (5.55452pt too wide) has occurred while \output is active
\TU/lmr/m/n/10 178 \TU/lmr/m/sl/10 CHAPTER 8.  ESTIMATING UNKOWN QUANTITIES FRO
M A SAMPLE
 []

[178] [179]
Overfull \hbox (5.55452pt too wide) has occurred while \output is active
\TU/lmr/m/n/10 180 \TU/lmr/m/sl/10 CHAPTER 8.  ESTIMATING UNKOWN QUANTITIES FRO
M A SAMPLE
 []

[180]
Missing character: There is no σ in font [lmroman10-regular]:mapping=tex-text;!
File: images/Figure58.png Graphic file (type bmp)
<images/Figure58.png>
[181]
File: images/Figure59.png Graphic file (type bmp)
<images/Figure59.png>

Overfull \hbox (5.55452pt too wide) has occurred while \output is active
\TU/lmr/m/n/10 182 \TU/lmr/m/sl/10 CHAPTER 8.  ESTIMATING UNKOWN QUANTITIES FRO
M A SAMPLE
 []

[182] [183]
Overfull \hbox (5.55452pt too wide) has occurred while \output is active
\TU/lmr/m/n/10 184 \TU/lmr/m/sl/10 CHAPTER 8.  ESTIMATING UNKOWN QUANTITIES FRO
M A SAMPLE
 []

[184]
Overfull \hbox (1.87315pt too wide) in paragraph at lines 4511--4511
 [][]\TU/lmr/bx/n/10 Person 
 []


Overfull \hbox (1.87315pt too wide) in paragraph at lines 4511--4511
 [][]\TU/lmr/bx/n/10 Person 
 []


Overfull \hbox (1.87315pt too wide) in paragraph at lines 4511--4511
 [][]\TU/lmr/bx/n/10 Person 
 []


Overfull \hbox (1.87315pt too wide) in paragraph at lines 4511--4511
 [][]\TU/lmr/bx/n/10 Person 
 []


Overfull \hbox (1.87315pt too wide) in paragraph at lines 4511--4511
 [][]\TU/lmr/bx/n/10 Person 
 []


Overfull \hbox (11.23315pt too wide) in paragraph at lines 4511--4511
 [][]\TU/lmr/m/n/10 Replication 
 []


Overfull \hbox (11.23315pt too wide) in paragraph at lines 4511--4511
 [][]\TU/lmr/m/n/10 Replication 
 []


Overfull \hbox (11.23315pt too wide) in paragraph at lines 4511--4511
 [][]\TU/lmr/m/n/10 Replication 
 []


Overfull \hbox (11.23315pt too wide) in paragraph at lines 4511--4511
 [][]\TU/lmr/m/n/10 Replication 
 []


Overfull \hbox (11.23315pt too wide) in paragraph at lines 4511--4511
 [][]\TU/lmr/m/n/10 Replication 
 []


Overfull \hbox (11.23315pt too wide) in paragraph at lines 4511--4511
 [][]\TU/lmr/m/n/10 Replication 
 []


Overfull \hbox (11.23315pt too wide) in paragraph at lines 4511--4511
 [][]\TU/lmr/m/n/10 Replication 
 []


Overfull \hbox (11.23315pt too wide) in paragraph at lines 4511--4511
 [][]\TU/lmr/m/n/10 Replication 
 []


Overfull \hbox (11.23315pt too wide) in paragraph at lines 4511--4511
 [][]\TU/lmr/m/n/10 Replication 
 []


Overfull \hbox (11.23315pt too wide) in paragraph at lines 4511--4511
 [][]\TU/lmr/m/n/10 Replication 
 []

File: images/Figure60.png Graphic file (type bmp)
<images/Figure60.png>

Overfull \hbox (17.20343pt too wide) has occurred while \output is active
\TU/lmr/m/sl/10 8.3.  SAMPLING DISTRIBUTIONS AND THE CENTRAL LIMIT THEOREM \TU/
lmr/m/n/10 185
 []

[185]
File: images/Figure61.png Graphic file (type bmp)
<images/Figure61.png>
File: images/Figure62.png Graphic file (type bmp)
<images/Figure62.png>

Overfull \hbox (5.55452pt too wide) has occurred while \output is active
\TU/lmr/m/n/10 186 \TU/lmr/m/sl/10 CHAPTER 8.  ESTIMATING UNKOWN QUANTITIES FRO
M A SAMPLE
 []

[186]
Overfull \hbox (17.20343pt too wide) has occurred while \output is active
\TU/lmr/m/sl/10 8.3.  SAMPLING DISTRIBUTIONS AND THE CENTRAL LIMIT THEOREM \TU/
lmr/m/n/10 187
 []

[187]
File: images/Figure63.png Graphic file (type bmp)
<images/Figure63.png>
Missing character: There is no σ in font [lmroman10-regular]:mapping=tex-text;!
Missing character: There is no σ in font [lmroman10-regular]:mapping=tex-text;!

Overfull \hbox (5.55452pt too wide) has occurred while \output is active
\TU/lmr/m/n/10 188 \TU/lmr/m/sl/10 CHAPTER 8.  ESTIMATING UNKOWN QUANTITIES FRO
M A SAMPLE
 []

[188]
Overfull \hbox (17.20343pt too wide) has occurred while \output is active
\TU/lmr/m/sl/10 8.3.  SAMPLING DISTRIBUTIONS AND THE CENTRAL LIMIT THEOREM \TU/
lmr/m/n/10 189
 []

[189]
Overfull \hbox (5.55452pt too wide) has occurred while \output is active
\TU/lmr/m/n/10 190 \TU/lmr/m/sl/10 CHAPTER 8.  ESTIMATING UNKOWN QUANTITIES FRO
M A SAMPLE
 []

[190] [191]
Overfull \hbox (5.55452pt too wide) has occurred while \output is active
\TU/lmr/m/n/10 192 \TU/lmr/m/sl/10 CHAPTER 8.  ESTIMATING UNKOWN QUANTITIES FRO
M A SAMPLE
 []

[192]
File: images/Figure64.png Graphic file (type bmp)
<images/Figure64.png>
File: images/Figure65.png Graphic file (type bmp)
<images/Figure65.png>
[193]
Overfull \hbox (5.55452pt too wide) has occurred while \output is active
\TU/lmr/m/n/10 194 \TU/lmr/m/sl/10 CHAPTER 8.  ESTIMATING UNKOWN QUANTITIES FRO
M A SAMPLE
 []

[194] [195]
Missing character: There is no σ in font [lmroman8-regular]:mapping=tex-text;!
Missing character: There is no σ in font [lmroman8-regular]:mapping=tex-text;!

Overfull \hbox (5.55452pt too wide) has occurred while \output is active
\TU/lmr/m/n/10 196 \TU/lmr/m/sl/10 CHAPTER 8.  ESTIMATING UNKOWN QUANTITIES FRO
M A SAMPLE
 []

[196]
Missing character: There is no σ in font [lmroman10-regular]:mapping=tex-text;!
[197]
Overfull \hbox (5.55452pt too wide) has occurred while \output is active
\TU/lmr/m/n/10 198 \TU/lmr/m/sl/10 CHAPTER 8.  ESTIMATING UNKOWN QUANTITIES FRO
M A SAMPLE
 []

[198]
File: images/Figure66.png Graphic file (type bmp)
<images/Figure66.png>

Overfull \hbox (29.82439pt too wide) in paragraph at lines 4822--4825
[]\TU/lmr/m/n/10 \begin{figure} []
 []


Underfull \vbox (badness 10000) has occurred while \output is active []

[199]
Overfull \hbox (5.55452pt too wide) has occurred while \output is active
\TU/lmr/m/n/10 200 \TU/lmr/m/sl/10 CHAPTER 8.  ESTIMATING UNKOWN QUANTITIES FRO
M A SAMPLE
 []

[200] [201]
Overfull \hbox (5.55452pt too wide) has occurred while \output is active
\TU/lmr/m/n/10 202 \TU/lmr/m/sl/10 CHAPTER 8.  ESTIMATING UNKOWN QUANTITIES FRO
M A SAMPLE
 []

[202]
Chapter 9.
[203

] [204] [205] [206] [207] [208] [209] [210]
File: images/Figure67.png Graphic file (type bmp)
<images/Figure67.png>

Underfull \vbox (badness 1082) has occurred while \output is active []

[211]
Underfull \hbox (badness 1430) in paragraph at lines 5101--5103
[]\TU/lmr/m/n/10 If the null hypothesis is true, the sampling distribution of $
[]$ is
 []

Missing character: There is no α in font [lmroman10-regular]:mapping=tex-text;!
File: images/Figure68.png Graphic file (type bmp)
<images/Figure68.png>
[212] [213]
Missing character: There is no α in font [lmroman10-regular]:mapping=tex-text;!
Missing character: There is no α in font [lmroman10-regular]:mapping=tex-text;!
Missing character: There is no α in font [lmroman10-regular]:mapping=tex-text;!
[214]
File: images/Figure69.png Graphic file (type bmp)
<images/Figure69.png>
[215]
Missing character: There is no α in font [lmroman10-regular]:mapping=tex-text;!

Underfull \hbox (badness 10000) in alignment at lines 5202--5202
[][][][][][] 
 []

[216]
Missing character: There is no α in font [lmroman10-regular]:mapping=tex-text;!
Missing character: There is no α in font [lmroman10-regular]:mapping=tex-text;!
Missing character: There is no α in font [lmroman10-regular]:mapping=tex-text;!
[217] [218]
Missing character: There is no α in font [lmroman10-regular]:mapping=tex-text;!
Missing character: There is no α in font [lmroman10-regular]:mapping=tex-text;!
[219]
Underfull \vbox (badness 2253) has occurred while \output is active []

[220]
File: images/Figure70.png Graphic file (type bmp)
<images/Figure70.png>
[221]
File: images/Figure71.png Graphic file (type bmp)
<images/Figure71.png>
[222]
File: images/Figure72.png Graphic file (type bmp)
<images/Figure72.png>
File: images/Figure73.png Graphic file (type bmp)
<images/Figure73.png>

Underfull \vbox (badness 10000) has occurred while \output is active []

[223] [224] [225] [226] [227]
File: images/Figure74.png Graphic file (type bmp)
<images/Figure74.png>
[228]
Missing character: There is no α in font [lmroman10-regular]:mapping=tex-text;!
[229] [230] [231] [232] [233

] [234]
Chapter 10.
LaTeX Font Info:    Font shape `TU/latinmodern-math.otf(1)/m/n' will be
(Font)              scaled to size 14.4pt on input line 5498.
LaTeX Font Info:    Font shape `TU/latinmodern-math.otf(2)/m/n' will be
(Font)              scaled to size 14.4013pt on input line 5498.
LaTeX Font Info:    Font shape `TU/latinmodern-math.otf(3)/m/n' will be
(Font)              scaled to size 14.39845pt on input line 5498.
[235

] [236] [237]
Overfull \hbox (143.6181pt too wide) in paragraph at lines 5643--5645
[]$[][] [] []$ $[][] [] []$ 
 []

[238]
Underfull \hbox (badness 10000) in alignment at lines 5717--5717
[][][][][] 
 []

[239] [240] [241]
File: images/Figure75.png Graphic file (type bmp)
<images/Figure75.png>
[242] [243]
File: images/Figure76.png Graphic file (type bmp)
<images/Figure76.png>
File: images/Figure77.png Graphic file (type bmp)
<images/Figure77.png>

Underfull \vbox (badness 10000) has occurred while \output is active []

[244]
File: images/Figure78.png Graphic file (type bmp)
<images/Figure78.png>
[245]
File: images/Figure79.png Graphic file (type bmp)
<images/Figure79.png>

Underfull \hbox (badness 10000) in alignment at lines 5920--5920
[][][][][] 
 []

[246] [247] [248] [249] [250] [251] [252] [253] [254]
Missing character: There is no α in font [lmroman10-regular]:mapping=tex-text;!
[255] [256] [257] [258]
File: images/Fisher.png Graphic file (type bmp)
<images/Fisher.png>
[259] [260] [261]
File: images/Figure80.png Graphic file (type bmp)
<images/Figure80.png>
[262]
File: images/Figure81.png Graphic file (type bmp)
<images/Figure81.png>
[263] [264] [265] [266

]
Chapter 11.
[267]
File: images/Figure82.png Graphic file (type bmp)
<images/Figure82.png>

Underfull \vbox (badness 2213) has occurred while \output is active []

[268]
Missing character: There is no 𝜎 in font [lmroman10-regular]:mapping=tex-text;!
[269]
File: images/one-sample-ztest-null-and-alternate.png Graphic file (type bmp)
<images/one-sample-ztest-null-and-alternate.png>
[270] [271]
File: images/Figure83.png Graphic file (type bmp)
<images/Figure83.png>

Underfull \vbox (badness 10000) has occurred while \output is active []

[272] [273]
Missing character: There is no σ in font [lmroman10-regular]:mapping=tex-text;!
[274]
File: images/Figure84.png Graphic file (type bmp)
<images/Figure84.png>
[275]
File: images/Figure85.png Graphic file (type bmp)
<images/Figure85.png>
[276]
File: images/Figure86.png Graphic file (type bmp)
<images/Figure86.png>
[277] [278]
Underfull \vbox (badness 2564) has occurred while \output is active []

[279]
File: images/Figure87.png Graphic file (type bmp)
<images/Figure87.png>
File: images/Figure88.png Graphic file (type bmp)
<images/Figure88.png>
File: images/Figure89.png Graphic file (type bmp)
<images/Figure89.png>

Underfull \vbox (badness 1314) has occurred while \output is active []

[280] [281] [282]
Underfull \vbox (badness 10000) has occurred while \output is active []

[283] [284]
File: images/Figure90.png Graphic file (type bmp)
<images/Figure90.png>
[285] [286] [287] [288]
File: images/Figure91.png Graphic file (type bmp)
<images/Figure91.png>
[289]
File: images/Figure92.png Graphic file (type bmp)
<images/Figure92.png>
[290] [291]
File: images/Figure93.png Graphic file (type bmp)
<images/Figure93.png>
[292]
File: images/Figure94.png Graphic file (type bmp)
<images/Figure94.png>
[293] [294]
File: images/Figure95.png Graphic file (type bmp)
<images/Figure95.png>
File: images/Figure96.png Graphic file (type bmp)
<images/Figure96.png>
[295]
File: images/Figure97.png Graphic file (type bmp)
<images/Figure97.png>
[296]
File: images/Figure98.png Graphic file (type bmp)
<images/Figure98.png>
File: images/Figure99.png Graphic file (type bmp)
<images/Figure99.png>
[297]
Underfull \hbox (badness 10000) in alignment at lines 7177--7177
[][] 
 []

[298] [299] [300]
File: images/Figure100.png Graphic file (type bmp)
<images/Figure100.png>
[301]
File: images/Figure101.png Graphic file (type bmp)
<images/Figure101.png>
[302] [303]
File: images/Figure102.png Graphic file (type bmp)
<images/Figure102.png>

Underfull \vbox (badness 6608) has occurred while \output is active []

[304]
File: images/Figure103.png Graphic file (type bmp)
<images/Figure103.png>
[305]
Missing character: There is no ✓ in font [lmroman10-regular]:mapping=tex-text;!
Missing character: There is no ✓ in font [lmroman10-regular]:mapping=tex-text;!
Missing character: There is no ✓ in font [lmroman10-regular]:mapping=tex-text;!
Missing character: There is no ✓ in font [lmroman10-regular]:mapping=tex-text;!
Missing character: There is no ✓ in font [lmroman10-regular]:mapping=tex-text;!
Missing character: There is no ✓ in font [lmroman10-regular]:mapping=tex-text;!
[306]
Missing character: There is no ✓ in font [lmroman10-regular]:mapping=tex-text;!
Missing character: There is no ✓ in font [lmroman10-regular]:mapping=tex-text;!
Missing character: There is no ✓ in font [lmroman10-regular]:mapping=tex-text;!
Missing character: There is no ✓ in font [lmroman10-regular]:mapping=tex-text;!
Missing character: There is no ✓ in font [lmroman10-regular]:mapping=tex-text;!
Missing character: There is no ✓ in font [lmroman10-regular]:mapping=tex-text;!
Missing character: There is no ✓ in font [lmroman10-regular]:mapping=tex-text;!

Overfull \hbox (3.04605pt too wide) in paragraph at lines 7501--7501
 \TU/lmr/bx/n/10 dif- 
 []


Overfull \hbox (3.47606pt too wide) in paragraph at lines 7501--7501
 \TU/lmr/bx/n/10 fer- 
 []


Overfull \hbox (12.70605pt too wide) in paragraph at lines 7501--7501
 \TU/lmr/bx/n/10 ences[] 
 []


Overfull \hbox (3.04605pt too wide) in paragraph at lines 7501--7501
 \TU/lmr/bx/n/10 dif- 
 []


Overfull \hbox (3.47606pt too wide) in paragraph at lines 7501--7501
 \TU/lmr/bx/n/10 fer- 
 []


Overfull \hbox (12.70605pt too wide) in paragraph at lines 7501--7501
 \TU/lmr/bx/n/10 ences[] 
 []


Overfull \hbox (3.04605pt too wide) in paragraph at lines 7501--7501
 \TU/lmr/bx/n/10 dif- 
 []


Overfull \hbox (3.47606pt too wide) in paragraph at lines 7501--7501
 \TU/lmr/bx/n/10 fer- 
 []


Overfull \hbox (12.70605pt too wide) in paragraph at lines 7501--7501
 \TU/lmr/bx/n/10 ences[] 
 []


Overfull \hbox (3.04605pt too wide) in paragraph at lines 7501--7501
 \TU/lmr/bx/n/10 dif- 
 []


Overfull \hbox (3.47606pt too wide) in paragraph at lines 7501--7501
 \TU/lmr/bx/n/10 fer- 
 []


Overfull \hbox (12.70605pt too wide) in paragraph at lines 7501--7501
 \TU/lmr/bx/n/10 ences[] 
 []


Overfull \hbox (3.04605pt too wide) in paragraph at lines 7501--7501
 \TU/lmr/bx/n/10 dif- 
 []


Overfull \hbox (3.47606pt too wide) in paragraph at lines 7501--7501
 \TU/lmr/bx/n/10 fer- 
 []


Overfull \hbox (12.70605pt too wide) in paragraph at lines 7501--7501
 \TU/lmr/bx/n/10 ences[] 
 []


Overfull \hbox (3.04605pt too wide) in paragraph at lines 7501--7501
 \TU/lmr/bx/n/10 dif- 
 []


Overfull \hbox (3.47606pt too wide) in paragraph at lines 7501--7501
 \TU/lmr/bx/n/10 fer- 
 []


Overfull \hbox (12.70605pt too wide) in paragraph at lines 7501--7501
 \TU/lmr/bx/n/10 ences[] 
 []


Overfull \hbox (3.04605pt too wide) in paragraph at lines 7501--7501
 \TU/lmr/bx/n/10 dif- 
 []


Overfull \hbox (3.47606pt too wide) in paragraph at lines 7501--7501
 \TU/lmr/bx/n/10 fer- 
 []


Overfull \hbox (12.70605pt too wide) in paragraph at lines 7501--7501
 \TU/lmr/bx/n/10 ences[] 
 []


Overfull \hbox (3.04605pt too wide) in paragraph at lines 7501--7501
 \TU/lmr/bx/n/10 dif- 
 []


Overfull \hbox (3.47606pt too wide) in paragraph at lines 7501--7501
 \TU/lmr/bx/n/10 fer- 
 []


Overfull \hbox (12.70605pt too wide) in paragraph at lines 7501--7501
 \TU/lmr/bx/n/10 ences[] 
 []


Overfull \hbox (3.04605pt too wide) in paragraph at lines 7501--7501
 \TU/lmr/bx/n/10 dif- 
 []


Overfull \hbox (3.47606pt too wide) in paragraph at lines 7501--7501
 \TU/lmr/bx/n/10 fer- 
 []


Overfull \hbox (12.70605pt too wide) in paragraph at lines 7501--7501
 \TU/lmr/bx/n/10 ences[] 
 []


Overfull \hbox (6.70605pt too wide) in paragraph at lines 7501--7501
 \TU/lmr/bx/n/10 ences[] 
 []


Overfull \hbox (13.79605pt too wide) in paragraph at lines 7501--7501
 [][]\TU/lmr/m/n/10 positive 
 []


Overfull \hbox (25.47606pt too wide) in paragraph at lines 7501--7501
 \TU/lmr/m/n/10 differences[] 
 []

Missing character: There is no ✓ in font [lmroman10-regular]:mapping=tex-text;!
Missing character: There is no ✓ in font [lmroman10-regular]:mapping=tex-text;!
Missing character: There is no ✓ in font [lmroman10-regular]:mapping=tex-text;!
Missing character: There is no ✓ in font [lmroman10-regular]:mapping=tex-text;!

Overfull \hbox (13.79605pt too wide) in paragraph at lines 7501--7501
 [][]\TU/lmr/m/n/10 positive 
 []


Overfull \hbox (25.47606pt too wide) in paragraph at lines 7501--7501
 \TU/lmr/m/n/10 differences[] 
 []

Missing character: There is no ✓ in font [lmroman10-regular]:mapping=tex-text;!

Overfull \hbox (13.79605pt too wide) in paragraph at lines 7501--7501
 [][]\TU/lmr/m/n/10 positive 
 []


Overfull \hbox (25.47606pt too wide) in paragraph at lines 7501--7501
 \TU/lmr/m/n/10 differences[] 
 []

Missing character: There is no ✓ in font [lmroman10-regular]:mapping=tex-text;!
Missing character: There is no ✓ in font [lmroman10-regular]:mapping=tex-text;!

Underfull \hbox (badness 10000) in alignment at lines 7501--7501
[][][][][][][][][][][][] 
 []

[307]
File: images/Figure104.png Graphic file (type bmp)
<images/Figure104.png>
[308] [309] [310

]
Chapter 12.

Overfull \hbox (1.03316pt too wide) in paragraph at lines 7612--7612
 [][]\TU/lmr/bx/n/10 variable[] 
 []


Overfull \hbox (4.05316pt too wide) in paragraph at lines 7612--7612
 [][]\TU/lmr/bx/n/10 median[] 
 []


Overfull \hbox (10.67316pt too wide) in paragraph at lines 7612--7612
 \TU/lmr/m/n/10 grumpiness[] 
 []

[311]
File: images/Figure105.png Graphic file (type bmp)
<images/Figure105.png>
[312]
File: images/Figure106.png Graphic file (type bmp)
<images/Figure106.png>
File: images/Figure107.png Graphic file (type bmp)
<images/Figure107.png>

Underfull \vbox (badness 10000) has occurred while \output is active []

[313]
File: images/Figure108.png Graphic file (type bmp)
<images/Figure108.png>
[314] [315]
File: images/Figure109.png Graphic file (type bmp)
<images/Figure109.png>
[316] [317]
File: images/Figure110.png Graphic file (type bmp)
<images/Figure110.png>
[318]
File: images/Figure111.png Graphic file (type bmp)
<images/Figure111.png>
[319] [320] [321]
File: images/Figure111.png Graphic file (type bmp)
<images/Figure111.png>
File: images/Figure113.png Graphic file (type bmp)
<images/Figure113.png>
[322]
File: images/Figure114.png Graphic file (type bmp)
<images/Figure114.png>
File: images/Figure115.png Graphic file (type bmp)
<images/Figure115.png>
[323] [324] [325] [326]
File: images/Figure116.png Graphic file (type bmp)
<images/Figure116.png>
[327]
File: images/Figure117.png Graphic file (type bmp)
<images/Figure117.png>
[328] [329]
File: images/Figure118.png Graphic file (type bmp)
<images/Figure118.png>
[330] [331] [332] [333] [334] [335]
File: images/Figure119.png Graphic file (type bmp)
<images/Figure119.png>
[336] [337] [338]
Missing character: There is no σ in font [lmroman8-regular]:mapping=tex-text;!
File: images/Figure120.png Graphic file (type bmp)
<images/Figure120.png>

Overfull \hbox (29.82349pt too wide) in paragraph at lines 8198--8201
[]\TU/lmr/m/n/10 \begin{figure} []
 []

[339]
Missing character: There is no σ in font [lmroman10-regular]:mapping=tex-text;!
[340] [341] [342]
File: images/Figure121.png Graphic file (type bmp)
<images/Figure121.png>
[343]
File: images/Figure122.png Graphic file (type bmp)
<images/Figure122.png>
[344]
File: images/Figure123.png Graphic file (type bmp)
<images/Figure123.png>
File: images/Figure124.png Graphic file (type bmp)
<images/Figure124.png>
[345]
File: images/Figure125.png Graphic file (type bmp)
<images/Figure125.png>
File: images/Figure126.png Graphic file (type bmp)
<images/Figure126.png>
Missing character: There is no λ in font [lmroman8-regular]:mapping=tex-text;!
Missing character: There is no λ in font [lmroman8-regular]:mapping=tex-text;!
Missing character: There is no λ in font [lmroman8-regular]:mapping=tex-text;!
[346] [347] [348]
Overfull \hbox (0.91252pt too wide) in paragraph at lines 8381--8381
 [][]\TU/lmr/bx/n/10 baby.sleep[] 
 []


Overfull \hbox (7.50253pt too wide) in paragraph at lines 8381--8381
 [][]\TU/lmr/bx/n/10 dani.grump[] 
 []


Underfull \hbox (badness 10000) in alignment at lines 8381--8381
[][][][][] 
 []

File: images/Figure127.png Graphic file (type bmp)
<images/Figure127.png>
[349] [350] [351] [352] [353]
File: images/Figure128.png Graphic file (type bmp)
<images/Figure128.png>
[354] [355] [356

]
Chapter 13.
[357]
File: images/Figure129.png Graphic file (type bmp)
<images/Figure129.png>

Underfull \vbox (badness 2103) has occurred while \output is active []

[358]
File: images/Figure130.png Graphic file (type bmp)
<images/Figure130.png>
[359] [360]
Overfull \hbox (11.0321pt too wide) in paragraph at lines 8608--8608
 [][]\TU/lmr/bx/n/10 grumpiness 
 []


Underfull \hbox (badness 10000) in alignment at lines 8608--8608
[][][][][][] 
 []

[361] [362] [363]
Overfull \hbox (21.66489pt too wide) in paragraph at lines 8709--8709
 [][] [][][][] [] 
 []


Overfull \hbox (12.0321pt too wide) in paragraph at lines 8709--8709
 [][]\TU/lmr/m/n/10 [complicated][] 
 []


Overfull \hbox (35.0309pt too wide) in paragraph at lines 8709--8709
 [][] [][][][][] [] 
 []


Underfull \hbox (badness 10000) in alignment at lines 8709--8709
[][][][][][] 
 []

[364] [365]
Underfull \hbox (badness 10000) in alignment at lines 8942--8942
[][][][][] 
 []


Underfull \vbox (badness 1584) has occurred while \output is active []

[366] [367]
Underfull \hbox (badness 10000) in alignment at lines 9014--9014
[][][][][] 
 []


Underfull \hbox (badness 10000) in alignment at lines 9079--9079
[][][][][] 
 []


Underfull \vbox (badness 1062) has occurred while \output is active []

[368] [369]
Underfull \hbox (badness 10000) in alignment at lines 9164--9164
[][][][][][] 
 []

[370]
File: images/Figure131.png Graphic file (type bmp)
<images/Figure131.png>
[371]
Missing character: There is no ✓ in font [lmroman10-regular]:mapping=tex-text;!
Missing character: There is no ✓ in font [lmroman10-regular]:mapping=tex-text;!
Missing character: There is no ✓ in font [lmroman10-regular]:mapping=tex-text;!
Missing character: There is no ✓ in font [lmroman10-regular]:mapping=tex-text;!
Missing character: There is no ✓ in font [lmroman10-regular]:mapping=tex-text;!
Missing character: There is no ✓ in font [lmroman10-regular]:mapping=tex-text;!
Missing character: There is no ✓ in font [lmroman10-regular]:mapping=tex-text;!
Missing character: There is no ✓ in font [lmroman10-regular]:mapping=tex-text;!
Missing character: There is no ✓ in font [lmroman10-regular]:mapping=tex-text;!
Missing character: There is no ✓ in font [lmroman10-regular]:mapping=tex-text;!
Missing character: There is no ✓ in font [lmroman10-regular]:mapping=tex-text;!
Missing character: There is no ✓ in font [lmroman10-regular]:mapping=tex-text;!
Missing character: There is no ✓ in font [lmroman10-regular]:mapping=tex-text;!
Missing character: There is no ✓ in font [lmroman10-regular]:mapping=tex-text;!
Missing character: There is no ✓ in font [lmroman10-regular]:mapping=tex-text;!
Missing character: There is no ✓ in font [lmroman10-regular]:mapping=tex-text;!
Missing character: There is no ✓ in font [lmroman10-regular]:mapping=tex-text;!
Missing character: There is no ✓ in font [lmroman10-regular]:mapping=tex-text;!
Missing character: There is no ✓ in font [lmroman10-regular]:mapping=tex-text;!
Missing character: There is no ✓ in font [lmroman10-regular]:mapping=tex-text;!
Missing character: There is no ✓ in font [lmroman10-regular]:mapping=tex-text;!
Missing character: There is no ✓ in font [lmroman10-regular]:mapping=tex-text;!
Missing character: There is no ✓ in font [lmroman10-regular]:mapping=tex-text;!
Missing character: There is no ✓ in font [lmroman10-regular]:mapping=tex-text;!

Underfull \hbox (badness 10000) in alignment at lines 9333--9333
[][][][][] 
 []

[372]
File: images/Figure132.png Graphic file (type bmp)
<images/Figure132.png>
[373] [374] [375] [376] [377] [378]
File: images/Figure133.png Graphic file (type bmp)
<images/Figure133.png>
[379]
File: images/Figure134.png Graphic file (type bmp)
<images/Figure134.png>
[380] [381]
Overfull \hbox (2913.15742pt too wide) in alignment at lines 9556--9560
 [] 
 []


Overfull \hbox (2913.15742pt too wide) in alignment at lines 9560--9563
 [] 
 []


Overfull \hbox (4.51158pt too wide) in paragraph at lines 9620--9620
 [][]\TU/lmr/bx/n/10 0.2[] 
 []


Overfull \hbox (4.51158pt too wide) in paragraph at lines 9620--9620
 [][]\TU/lmr/bx/n/10 0.3[] 
 []


Overfull \hbox (4.51158pt too wide) in paragraph at lines 9620--9620
 [][]\TU/lmr/bx/n/10 0.4[] 
 []


Overfull \hbox (4.51158pt too wide) in paragraph at lines 9620--9620
 [][]\TU/lmr/bx/n/10 0.5[] 
 []


Overfull \hbox (4.51158pt too wide) in paragraph at lines 9620--9620
 [][]\TU/lmr/bx/n/10 0.6[] 
 []


Overfull \hbox (4.51158pt too wide) in paragraph at lines 9620--9620
 [][]\TU/lmr/bx/n/10 0.8[] 
 []


Overfull \hbox (4.51158pt too wide) in paragraph at lines 9620--9620
 [][]\TU/lmr/bx/n/10 0.9[] 
 []


Overfull \hbox (4.51158pt too wide) in paragraph at lines 9620--9620
 [][]\TU/lmr/bx/n/10 1.1[] 
 []


Overfull \hbox (4.51158pt too wide) in paragraph at lines 9620--9620
 [][]\TU/lmr/bx/n/10 1.2[] 
 []


Overfull \hbox (4.51158pt too wide) in paragraph at lines 9620--9620
 [][]\TU/lmr/bx/n/10 1.3[] 
 []


Overfull \hbox (4.51158pt too wide) in paragraph at lines 9620--9620
 [][]\TU/lmr/bx/n/10 1.4[] 
 []


Overfull \hbox (4.51158pt too wide) in paragraph at lines 9620--9620
 [][]\TU/lmr/bx/n/10 1.7[] 
 []

[382]
File: images/Figure13_7.png Graphic file (type bmp)
<images/Figure13_7.png>
File: images/Figure135.png Graphic file (type bmp)
<images/Figure135.png>
[383] [384]
File: images/Figure136.png Graphic file (type bmp)
<images/Figure136.png>
[385] [386]
File: images/Figure137.png Graphic file (type bmp)
<images/Figure137.png>
File: images/Figure138.png Graphic file (type bmp)
<images/Figure138.png>
[387]
File: images/Figure139.png Graphic file (type bmp)
<images/Figure139.png>
File: images/Figure140.png Graphic file (type bmp)
<images/Figure140.png>

Underfull \hbox (badness 1831) in paragraph at lines 9809--9809
[]\TU/lmr/bx/n/14.4 The Friedman non-parametric repeated
 []

[388]
File: images/Figure141.png Graphic file (type bmp)
<images/Figure141.png>

Overfull \hbox (59.25342pt too wide) has occurred while \output is active
\TU/lmr/m/sl/10 13.8.  THE FRIEDMAN NON-PARAMETRIC REPEATED MEASURES ANOVA TEST
 \TU/lmr/m/n/10 389
 []

[389] [390] [391] [392

]
Chapter 14.
[393]
File: images/Figure142.png Graphic file (type bmp)
<images/Figure142.png>
[394]
Overfull \hbox (14.28062pt too wide) has occurred while \output is active
\TU/lmr/m/sl/10 14.1.  FACTORIAL ANOVA 1: BALANCED DESIGNS, NO INTERACTIONS \TU
/lmr/m/n/10 395
 []

[395] [396]
Overfull \hbox (14.28062pt too wide) has occurred while \output is active
\TU/lmr/m/sl/10 14.1.  FACTORIAL ANOVA 1: BALANCED DESIGNS, NO INTERACTIONS \TU
/lmr/m/n/10 397
 []

[397]
File: images/Figure143.png Graphic file (type bmp)
<images/Figure143.png>
File: images/Figure144.png Graphic file (type bmp)
<images/Figure144.png>
[398]
Overfull \hbox (14.28062pt too wide) has occurred while \output is active
\TU/lmr/m/sl/10 14.1.  FACTORIAL ANOVA 1: BALANCED DESIGNS, NO INTERACTIONS \TU
/lmr/m/n/10 399
 []

[399] [400]
Overfull \hbox (14.28062pt too wide) has occurred while \output is active
\TU/lmr/m/sl/10 14.1.  FACTORIAL ANOVA 1: BALANCED DESIGNS, NO INTERACTIONS \TU
/lmr/m/n/10 401
 []

[401] [402]
Overfull \hbox (14.28062pt too wide) has occurred while \output is active
\TU/lmr/m/sl/10 14.1.  FACTORIAL ANOVA 1: BALANCED DESIGNS, NO INTERACTIONS \TU
/lmr/m/n/10 403
 []

[403] [404]
Overfull \hbox (51.23062pt too wide) has occurred while \output is active
\TU/lmr/m/sl/10 14.2.  FACTORIAL ANOVA 2: BALANCED DESIGNS, INTERACTIONS ALLOWE
D \TU/lmr/m/n/10 405
 []

[405]
File: images/Figure145.png Graphic file (type bmp)
<images/Figure145.png>
File: images/Figure146.png Graphic file (type bmp)
<images/Figure146.png>
File: images/Figure146.png Graphic file (type bmp)
<images/Figure146.png>
[406]
Overfull \hbox (51.23062pt too wide) has occurred while \output is active
\TU/lmr/m/sl/10 14.2.  FACTORIAL ANOVA 2: BALANCED DESIGNS, INTERACTIONS ALLOWE
D \TU/lmr/m/n/10 407
 []

[407] [408]
Overfull \hbox (51.23062pt too wide) has occurred while \output is active
\TU/lmr/m/sl/10 14.2.  FACTORIAL ANOVA 2: BALANCED DESIGNS, INTERACTIONS ALLOWE
D \TU/lmr/m/n/10 409
 []

[409] [410]
File: images/Figure148.png Graphic file (type bmp)
<images/Figure148.png>

Overfull \hbox (51.23062pt too wide) has occurred while \output is active
\TU/lmr/m/sl/10 14.2.  FACTORIAL ANOVA 2: BALANCED DESIGNS, INTERACTIONS ALLOWE
D \TU/lmr/m/n/10 411
 []

[411] [412] [413] [414]
File: images/Figure149.png Graphic file (type bmp)
<images/Figure149.png>
File: images/Figure150.png Graphic file (type bmp)
<images/Figure150.png>
[415] [416] [417]
File: images/Figure151.png Graphic file (type bmp)
<images/Figure151.png>
File: images/Figure152.png Graphic file (type bmp)
<images/Figure152.png>
[418] [419] [420]
File: images/Figure153.png Graphic file (type bmp)
<images/Figure153.png>
File: images/Figure154.png Graphic file (type bmp)
<images/Figure154.png>
File: images/Figure155.png Graphic file (type bmp)
<images/Figure155.png>

Overfull \hbox (29.81265pt too wide) in paragraph at lines 10578--10581
[]\TU/lmr/m/n/10 \begin{figure} []
 []


Underfull \hbox (badness 1107) in paragraph at lines 10578--10581
\TU/lmr/m/n/10 method (adjusted for the covariate age) with 95% confidence inte
rvals}[]
 []


Underfull \vbox (badness 8189) has occurred while \output is active []

[421]
File: images/Figure156.png Graphic file (type bmp)
<images/Figure156.png>
[422] [423] [424]
File: images/Figure157.png Graphic file (type bmp)
<images/Figure157.png>
[425]
File: images/Figure158.png Graphic file (type bmp)
<images/Figure158.png>
[426] [427]
File: images/Figure159.png Graphic file (type bmp)
<images/Figure159.png>
[428]
File: images/Figure160.png Graphic file (type bmp)
<images/Figure160.png>
[429] [430]
File: images/Figure161.png Graphic file (type bmp)
<images/Figure161.png>
File: images/Figure162.png Graphic file (type bmp)
<images/Figure162.png>
[431]
File: images/Figure14_22.png Graphic file (type bmp)
<images/Figure14_22.png>
[432]
File: images/Figure164.png Graphic file (type bmp)
<images/Figure164.png>
[433]
Underfull \vbox (badness 2698) has occurred while \output is active []

[434]
Underfull \hbox (badness 10000) in alignment at lines 11102--11102
[][][][][] 
 []

[435]
Underfull \hbox (badness 10000) in alignment at lines 11182--11182
[][][][][] 
 []

[436]
Underfull \hbox (badness 10000) in alignment at lines 11262--11262
[][][][][] 
 []

[437] [438]
File: images/Figure165.png Graphic file (type bmp)
<images/Figure165.png>
[439]
File: images/Figure166.png Graphic file (type bmp)
<images/Figure166.png>
[440] [441] [442]
File: images/Figure167.png Graphic file (type bmp)
<images/Figure167.png>
[443] [444]
File: images/Figure168.png Graphic file (type bmp)
<images/Figure168.png>
[445]
File: images/Figure169.png Graphic file (type bmp)
<images/Figure169.png>
[446]
Underfull \vbox (badness 1014) has occurred while \output is active []

[447]
File: images/Figure170.png Graphic file (type bmp)
<images/Figure170.png>
[448] [449]
File: images/Figure171.png Graphic file (type bmp)
<images/Figure171.png>
[450] [451] [452] [453] [454] [455] [456] [457] [458

]
Chapter 15.

Underfull \vbox (badness 10000) has occurred while \output is active []

[459]
File: images/Figure172.png Graphic file (type bmp)
<images/Figure172.png>
[460] [461] [462]
File: images/Figure173.png Graphic file (type bmp)
<images/Figure173.png>
File: images/Figure174.png Graphic file (type bmp)
<images/Figure174.png>
File: images/Figure175.png Graphic file (type bmp)
<images/Figure175.png>
[463] [464] [465] [466]
File: images/Figure176.png Graphic file (type bmp)
<images/Figure176.png>
File: images/Figure177.png Graphic file (type bmp)
<images/Figure177.png>
[467] [468] [469]
File: images/Figure15_7.png Graphic file (type bmp)
<images/Figure15_7.png>
[470]
File: images/Figure178.png Graphic file (type bmp)
<images/Figure178.png>
File: images/Figure179.png Graphic file (type bmp)
<images/Figure179.png>
File: images/Figure180.png Graphic file (type bmp)
<images/Figure180.png>
File: images/Figure181.png Graphic file (type bmp)
<images/Figure181.png>
[471]
File: images/Figure182.png Graphic file (type bmp)
<images/Figure182.png>
[472] [473] [474] [475]
File: images/Figure183.png Graphic file (type bmp)
<images/Figure183.png>
File: images/Figure184.png Graphic file (type bmp)
<images/Figure184.png>
File: images/Figure185.png Graphic file (type bmp)
<images/Figure185.png>
[476] [477] [478]
File: images/Figure186.png Graphic file (type bmp)
<images/Figure186.png>
[479] [480]
File: images/Figure187.png Graphic file (type bmp)
<images/Figure187.png>
File: images/Figure188.png Graphic file (type bmp)
<images/Figure188.png>
[481] [482] [483]
File: images/Figure189.png Graphic file (type bmp)
<images/Figure189.png>
[484] [485]
File: images/Figure190.png Graphic file (type bmp)
<images/Figure190.png>
File: images/Figure191.png Graphic file (type bmp)
<images/Figure191.png>
[486] [487]
File: images/Figure192.png Graphic file (type bmp)
<images/Figure192.png>
File: images/Figure193.png Graphic file (type bmp)
<images/Figure193.png>
File: images/Figure194.png Graphic file (type bmp)
<images/Figure194.png>
[488] [489] [490]
File: images/Figure194a.png Graphic file (type bmp)
<images/Figure194a.png>

LaTeX Warning: Float too large for page by 22.02452pt on input line 12592.

[491] [492]
Underfull \hbox (badness 6477) in paragraph at lines 12626--12627
[]\TU/lmr/m/n/10 All parameter estimates (i.e., loadings, error variances, late
nt
 []

File: images/Figure195.png Graphic file (type bmp)
<images/Figure195.png>
[493]
File: images/Figure196.png Graphic file (type bmp)
<images/Figure196.png>
[494]
File: images/Figure197.png Graphic file (type bmp)
<images/Figure197.png>
File: images/Figure198.png Graphic file (type bmp)
<images/Figure198.png>

Underfull \vbox (badness 1354) has occurred while \output is active []

[495] [496]
Underfull \hbox (badness 1117) in paragraph at lines 12700--12702
\TU/lmr/m/n/10 specified correlations move the associated variables across into
 the
 []

[497]
File: images/Figure199.png Graphic file (type bmp)
<images/Figure199.png>
[498]
File: images/Figure200.png Graphic file (type bmp)
<images/Figure200.png>
File: images/Figure201.png Graphic file (type bmp)
<images/Figure201.png>
[499] [500]
File: images/Figure202.png Graphic file (type bmp)
<images/Figure202.png>
File: images/Figure203.png Graphic file (type bmp)
<images/Figure203.png>
[501] [502] [503]
File: images/Figure204.png Graphic file (type bmp)
<images/Figure204.png>
File: images/Figure205.png Graphic file (type bmp)
<images/Figure205.png>
[504] [505] [506] [507] [508

] [509] [510]
Chapter 16.
[511

] [512] [513] [514] [515] [516] [517] [518]
Underfull \hbox (badness 10000) in alignment at lines 13404--13404
[][][][][] 
 []

[519] [520] [521]
Underfull \hbox (badness 10000) in paragraph at lines 13504--13504
[][][]\TU/lmr/m/n/8 http://about.abc.net.au/reports-publications/appreciation-s
urvey-summary-report-2013/
 []


Underfull \hbox (badness 1173) in paragraph at lines 13507--13508
[]\TU/lmr/m/it/10 Throughout the report, where relevant, statistically signific
ant
 []

[522] [523] [524] [525] [526]
File: images/adaptivesampling.png Graphic file (type bmp)
<images/adaptivesampling.png>
[527] [528] [529] [530]
File: images/Figure206.png Graphic file (type bmp)
<images/Figure206.png>
File: images/Figure207.png Graphic file (type bmp)
<images/Figure207.png>
[531]
File: images/Figure208.png Graphic file (type bmp)
<images/Figure208.png>
[532]
Chapter 17.
[533

] [534] [535]
Underfull \vbox (badness 2698) has occurred while \output is active []

[536] [537] [538]
Underfull \vbox (badness 2698) has occurred while \output is active []

[539]
Underfull \vbox (badness 10000) has occurred while \output is active []

[540]
Underfull \vbox (badness 6542) has occurred while \output is active []

[541]
Underfull \vbox (badness 10000) has occurred while \output is active []

[542] [543] [544]
Underfull \vbox (badness 2698) has occurred while \output is active []

[545

] [546] [547]
Package atveryend Info: Empty hook `BeforeClearDocument' on input line 14040.
[548]
Package atveryend Info: Empty hook `AfterLastShipout' on input line 14040.
(./lsj.aux)
Package atveryend Info: Empty hook `AtVeryEndDocument' on input line 14040.
Package atveryend Info: Empty hook `AtEndAfterFileList' on input line 14040.
 ) 
Here is how much of TeX's memory you used:
 26434 strings out of 479819
 499393 string characters out of 5895846
 1029554 words of memory out of 5000000
 42947 multiletter control sequences out of 15000+600000
 540040 words of font info for 107 fonts, out of 8000000 for 9000
 1348 hyphenation exceptions out of 8191
 58i,20n,115p,4914b,806s stack positions out of 5000i,500n,10000p,200000b,80000s

Output written on lsj.pdf (548 pages).
