\BOOKMARK [0][]{chapter*.1}{Preface}{}% 1
\BOOKMARK [-1][]{part.1}{I Background}{}% 2
\BOOKMARK [0][]{chapter.1}{1 Why do we learn statistics? }{part.1}% 3
\BOOKMARK [1][]{section.1.1}{1.1 On the psychology of statistics }{chapter.1}% 4
\BOOKMARK [2][-]{subsection.1.1.1}{1.1.1 The curse of belief bias}{section.1.1}% 5
\BOOKMARK [1][]{section.1.2}{1.2 The cautionary tale of Simpson's paradox}{chapter.1}% 6
\BOOKMARK [1][]{section.1.3}{1.3 Statistics in psychology}{chapter.1}% 7
\BOOKMARK [1][]{section.1.4}{1.4 Statistics in everyday life}{chapter.1}% 8
\BOOKMARK [1][]{section.1.5}{1.5 There's more to research methods than statistics}{chapter.1}% 9
\BOOKMARK [0][]{chapter.2}{2 A brief introduction to research design}{part.1}% 10
\BOOKMARK [1][]{section.2.1}{2.1 Introduction to psychological measurement }{chapter.2}% 11
\BOOKMARK [2][-]{subsection.2.1.1}{2.1.1 Some thoughts about psychological measurement}{section.2.1}% 12
\BOOKMARK [2][-]{subsection.2.1.2}{2.1.2 Operationalisation: defining your measurement}{section.2.1}% 13
\BOOKMARK [1][]{section.2.2}{2.2 Scales of measurement}{chapter.2}% 14
\BOOKMARK [2][-]{subsection.2.2.1}{2.2.1 Nominal scale}{section.2.2}% 15
\BOOKMARK [2][-]{subsection.2.2.2}{2.2.2 Ordinal scale}{section.2.2}% 16
\BOOKMARK [2][-]{subsection.2.2.3}{2.2.3 Interval scale}{section.2.2}% 17
\BOOKMARK [2][-]{subsection.2.2.4}{2.2.4 Ratio scale}{section.2.2}% 18
\BOOKMARK [2][-]{subsection.2.2.5}{2.2.5 Continuous versus discrete variables }{section.2.2}% 19
\BOOKMARK [2][-]{subsection.2.2.6}{2.2.6 Some complexities}{section.2.2}% 20
\BOOKMARK [1][]{section.2.3}{2.3 Assessing the reliability of a measurement }{chapter.2}% 21
\BOOKMARK [1][]{section.2.4}{2.4 The role of variables: predictors and outcomes }{chapter.2}% 22
\BOOKMARK [1][]{section.2.5}{2.5 Experimental and non-experimental research }{chapter.2}% 23
\BOOKMARK [2][-]{subsection.2.5.1}{2.5.1 Experimental research}{section.2.5}% 24
\BOOKMARK [2][-]{subsection.2.5.2}{2.5.2 Non-experimental research}{section.2.5}% 25
\BOOKMARK [1][]{section.2.6}{2.6 Assessing the validity of a study }{chapter.2}% 26
\BOOKMARK [2][-]{subsection.2.6.1}{2.6.1 Internal validity}{section.2.6}% 27
\BOOKMARK [2][-]{subsection.2.6.2}{2.6.2 External validity}{section.2.6}% 28
\BOOKMARK [2][-]{subsection.2.6.3}{2.6.3 Construct validity}{section.2.6}% 29
\BOOKMARK [2][-]{subsection.2.6.4}{2.6.4 Face validity}{section.2.6}% 30
\BOOKMARK [2][-]{subsection.2.6.5}{2.6.5 Ecological validity}{section.2.6}% 31
\BOOKMARK [1][]{section.2.7}{2.7 Confounds, artefacts and other threats to validity}{chapter.2}% 32
\BOOKMARK [2][-]{subsection.2.7.1}{2.7.1 History effects}{section.2.7}% 33
\BOOKMARK [2][-]{subsection.2.7.2}{2.7.2 Maturation effects}{section.2.7}% 34
\BOOKMARK [2][-]{subsection.2.7.3}{2.7.3 Repeated testing effects}{section.2.7}% 35
\BOOKMARK [2][-]{subsection.2.7.4}{2.7.4 Selection bias}{section.2.7}% 36
\BOOKMARK [2][-]{subsection.2.7.5}{2.7.5 Differential attrition}{section.2.7}% 37
\BOOKMARK [2][-]{subsection.2.7.6}{2.7.6 Non-response bias}{section.2.7}% 38
\BOOKMARK [2][-]{subsection.2.7.7}{2.7.7 Regression to the mean}{section.2.7}% 39
\BOOKMARK [2][-]{subsection.2.7.8}{2.7.8 Experimenter bias}{section.2.7}% 40
\BOOKMARK [2][-]{subsection.2.7.9}{2.7.9 Demand effects and reactivity}{section.2.7}% 41
\BOOKMARK [2][-]{subsection.2.7.10}{2.7.10 Placebo effects}{section.2.7}% 42
\BOOKMARK [2][-]{subsection.2.7.11}{2.7.11 Situation, measurement and sub-population effects}{section.2.7}% 43
\BOOKMARK [2][-]{subsection.2.7.12}{2.7.12 Fraud, deception and self-deception}{section.2.7}% 44
\BOOKMARK [1][]{section.2.8}{2.8 Summary}{chapter.2}% 45
\BOOKMARK [-1][]{part.2}{II An introduction to jamovi}{}% 46
\BOOKMARK [0][]{chapter.3}{3 Getting started with jamovi}{part.2}% 47
\BOOKMARK [1][]{section.3.1}{3.1 Installing jamovi }{chapter.3}% 48
\BOOKMARK [2][-]{subsection.3.1.1}{3.1.1 Starting up jamovi}{section.3.1}% 49
\BOOKMARK [1][]{section.3.2}{3.2 Analyses}{chapter.3}% 50
\BOOKMARK [1][]{section.3.3}{3.3 The spreadsheet}{chapter.3}% 51
\BOOKMARK [2][-]{subsection.3.3.1}{3.3.1 Variables}{section.3.3}% 52
\BOOKMARK [2][-]{subsection.3.3.2}{3.3.2 Computed variables}{section.3.3}% 53
\BOOKMARK [2][-]{subsection.3.3.3}{3.3.3 Copy and Paste}{section.3.3}% 54
\BOOKMARK [2][-]{subsection.3.3.4}{3.3.4 Syntax mode}{section.3.3}% 55
\BOOKMARK [1][]{section.3.4}{3.4 Loading data in jamovi}{chapter.3}% 56
\BOOKMARK [2][-]{subsection.3.4.1}{3.4.1 Importing data from csv files}{section.3.4}% 57
\BOOKMARK [1][]{section.3.5}{3.5 Importing unusual data files }{chapter.3}% 58
\BOOKMARK [2][-]{subsection.3.5.1}{3.5.1 Loading data from text files}{section.3.5}% 59
\BOOKMARK [2][-]{subsection.3.5.2}{3.5.2 Loading data from SPSS \(and other statistics packages\)}{section.3.5}% 60
\BOOKMARK [2][-]{subsection.3.5.3}{3.5.3 Loading Excel files}{section.3.5}% 61
\BOOKMARK [1][]{section.3.6}{3.6 Changing data from one level to another}{chapter.3}% 62
\BOOKMARK [1][]{section.3.7}{3.7 Installing add-on modules into jamovi }{chapter.3}% 63
\BOOKMARK [1][]{section.3.8}{3.8 Quitting jamovi }{chapter.3}% 64
\BOOKMARK [1][]{section.3.9}{3.9 Summary}{chapter.3}% 65
\BOOKMARK [-1][]{part.3}{III Working with data}{}% 66
\BOOKMARK [0][]{chapter.4}{4 Descriptive statistics}{part.3}% 67
\BOOKMARK [1][]{section.4.1}{4.1 Measures of central tendency }{chapter.4}% 68
\BOOKMARK [2][-]{subsection.4.1.1}{4.1.1 The mean}{section.4.1}% 69
\BOOKMARK [2][-]{subsection.4.1.2}{4.1.2 Calculating the mean in jamovi}{section.4.1}% 70
\BOOKMARK [2][-]{subsection.4.1.3}{4.1.3 The median}{section.4.1}% 71
\BOOKMARK [2][-]{subsection.4.1.4}{4.1.4 Mean or median? What's the difference?}{section.4.1}% 72
\BOOKMARK [2][-]{subsection.4.1.5}{4.1.5 A real life example }{section.4.1}% 73
\BOOKMARK [2][-]{subsection.4.1.6}{4.1.6 Mode}{section.4.1}% 74
\BOOKMARK [1][]{section.4.2}{4.2 Measures of variability}{chapter.4}% 75
\BOOKMARK [2][-]{subsection.4.2.1}{4.2.1 Range}{section.4.2}% 76
\BOOKMARK [2][-]{subsection.4.2.2}{4.2.2 Interquartile range}{section.4.2}% 77
\BOOKMARK [2][-]{subsection.4.2.3}{4.2.3 Mean absolute deviation }{section.4.2}% 78
\BOOKMARK [2][-]{subsection.4.2.4}{4.2.4 Variance}{section.4.2}% 79
\BOOKMARK [2][-]{subsection.4.2.5}{4.2.5 Standard deviation}{section.4.2}% 80
\BOOKMARK [2][-]{subsection.4.2.6}{4.2.6 Which measure to use?}{section.4.2}% 81
\BOOKMARK [1][]{section.4.3}{4.3 Skew and kurtosis }{chapter.4}% 82
\BOOKMARK [1][]{section.4.4}{4.4 Descriptive statistics separately for each group }{chapter.4}% 83
\BOOKMARK [1][]{section.4.5}{4.5 Standard scores }{chapter.4}% 84
\BOOKMARK [1][]{section.4.6}{4.6 Summary}{chapter.4}% 85
\BOOKMARK [2][-]{subsection.4.6.1}{4.6.1 Epilogue: Good descriptive statistics are descriptive!}{section.4.6}% 86
\BOOKMARK [0][]{chapter.5}{5 Drawing graphs}{part.3}% 87
\BOOKMARK [1][]{section.5.1}{5.1 Histograms}{chapter.5}% 88
\BOOKMARK [1][]{section.5.2}{5.2 Boxplots }{chapter.5}% 89
\BOOKMARK [2][-]{subsection.5.2.1}{5.2.1 Violin plots }{section.5.2}% 90
\BOOKMARK [2][-]{subsection.5.2.2}{5.2.2 Drawing multiple boxplots }{section.5.2}% 91
\BOOKMARK [2][-]{subsection.5.2.3}{5.2.3 Using box plots to detect outliers }{section.5.2}% 92
\BOOKMARK [1][]{section.5.3}{5.3 Bar graphs}{chapter.5}% 93
\BOOKMARK [1][]{section.5.4}{5.4 Saving image files using jamovi }{chapter.5}% 94
\BOOKMARK [1][]{section.5.5}{5.5 Summary}{chapter.5}% 95
\BOOKMARK [0][]{chapter.6}{6 Pragmatic matters }{part.3}% 96
\BOOKMARK [1][]{section.6.1}{6.1 Tabulating and cross-tabulating data}{chapter.6}% 97
\BOOKMARK [2][-]{subsection.6.1.1}{6.1.1 Creating tables for single variables}{section.6.1}% 98
\BOOKMARK [2][-]{subsection.6.1.2}{6.1.2 Adding percentages to a contingency table}{section.6.1}% 99
\BOOKMARK [1][]{section.6.2}{6.2 Logical expressions in jamovi}{chapter.6}% 100
\BOOKMARK [2][-]{subsection.6.2.1}{6.2.1 Assessing mathematical truths}{section.6.2}% 101
\BOOKMARK [2][-]{subsection.6.2.2}{6.2.2 Logical operations}{section.6.2}% 102
\BOOKMARK [2][-]{subsection.6.2.3}{6.2.3 Applying logical operation to text }{section.6.2}% 103
\BOOKMARK [1][]{section.6.3}{6.3 Transforming and recoding a variable }{chapter.6}% 104
\BOOKMARK [2][-]{subsection.6.3.1}{6.3.1 Creating a transformed variable}{section.6.3}% 105
\BOOKMARK [2][-]{subsection.6.3.2}{6.3.2 Collapsing a variable into a smaller number of discrete levels or categories}{section.6.3}% 106
\BOOKMARK [2][-]{subsection.6.3.3}{6.3.3 Creating a transformation that can be applied to multiple variables}{section.6.3}% 107
\BOOKMARK [1][]{section.6.4}{6.4 A few more mathematical functions and operations }{chapter.6}% 108
\BOOKMARK [2][-]{subsection.6.4.1}{6.4.1 Logarithms and exponentials}{section.6.4}% 109
\BOOKMARK [1][]{section.6.5}{6.5 Extracting a subset of the data }{chapter.6}% 110
\BOOKMARK [1][]{section.6.6}{6.6 Summary}{chapter.6}% 111
\BOOKMARK [-1][]{part.4}{IV Statistical theory}{}% 112
\BOOKMARK [0][]{chapter.7}{7 Introduction to probability}{part.4}% 113
\BOOKMARK [1][]{section.7.1}{7.1 How are probability and statistics different? }{chapter.7}% 114
\BOOKMARK [1][]{section.7.2}{7.2 What does probability mean?}{chapter.7}% 115
\BOOKMARK [2][-]{subsection.7.2.1}{7.2.1 The frequentist view}{section.7.2}% 116
\BOOKMARK [2][-]{subsection.7.2.2}{7.2.2 The Bayesian view}{section.7.2}% 117
\BOOKMARK [2][-]{subsection.7.2.3}{7.2.3 What's the difference? And who is right?}{section.7.2}% 118
\BOOKMARK [1][]{section.7.3}{7.3 Basic probability theory }{chapter.7}% 119
\BOOKMARK [2][-]{subsection.7.3.1}{7.3.1 Introducing probability distributions}{section.7.3}% 120
\BOOKMARK [1][]{section.7.4}{7.4 The binomial distribution}{chapter.7}% 121
\BOOKMARK [2][-]{subsection.7.4.1}{7.4.1 Introducing the binomial}{section.7.4}% 122
\BOOKMARK [1][]{section.7.5}{7.5 The normal distribution}{chapter.7}% 123
\BOOKMARK [2][-]{subsection.7.5.1}{7.5.1 Probability density \040}{section.7.5}% 124
\BOOKMARK [1][]{section.7.6}{7.6 Other useful distributions }{chapter.7}% 125
\BOOKMARK [1][]{section.7.7}{7.7 Summary}{chapter.7}% 126
\BOOKMARK [0][]{chapter.8}{8 Estimating unknown quantities from a sample}{part.4}% 127
\BOOKMARK [1][]{section.8.1}{8.1 Samples, populations and sampling }{chapter.8}% 128
\BOOKMARK [2][-]{subsection.8.1.1}{8.1.1 Defining a population }{section.8.1}% 129
\BOOKMARK [2][-]{subsection.8.1.2}{8.1.2 Simple random samples}{section.8.1}% 130
\BOOKMARK [2][-]{subsection.8.1.3}{8.1.3 Most samples are not simple random samples}{section.8.1}% 131
\BOOKMARK [2][-]{subsection.8.1.4}{8.1.4 How much does it matter if you don't have a simple random sample?}{section.8.1}% 132
\BOOKMARK [2][-]{subsection.8.1.5}{8.1.5 Population parameters and sample statistics}{section.8.1}% 133
\BOOKMARK [1][]{section.8.2}{8.2 The law of large numbers }{chapter.8}% 134
\BOOKMARK [1][]{section.8.3}{8.3 Sampling distributions and the central limit theorem }{chapter.8}% 135
\BOOKMARK [2][-]{subsection.8.3.1}{8.3.1 Sampling distribution of the mean }{section.8.3}% 136
\BOOKMARK [2][-]{subsection.8.3.2}{8.3.2 Sampling distributions exist for any sample statistic!}{section.8.3}% 137
\BOOKMARK [2][-]{subsection.8.3.3}{8.3.3 The central limit theorem }{section.8.3}% 138
\BOOKMARK [1][]{section.8.4}{8.4 Estimating population parameters }{chapter.8}% 139
\BOOKMARK [2][-]{subsection.8.4.1}{8.4.1 Estimating the population mean}{section.8.4}% 140
\BOOKMARK [2][-]{subsection.8.4.2}{8.4.2 Estimating the population standard deviation}{section.8.4}% 141
\BOOKMARK [1][]{section.8.5}{8.5 Estimating a confidence interval}{chapter.8}% 142
\BOOKMARK [2][-]{subsection.8.5.1}{8.5.1 A slight mistake in the formula}{section.8.5}% 143
\BOOKMARK [2][-]{subsection.8.5.2}{8.5.2 Interpreting a confidence interval}{section.8.5}% 144
\BOOKMARK [2][-]{subsection.8.5.3}{8.5.3 Calculating confidence intervals in jamovi}{section.8.5}% 145
\BOOKMARK [1][]{section.8.6}{8.6 Summary}{chapter.8}% 146
\BOOKMARK [0][]{chapter.9}{9 Hypothesis testing}{part.4}% 147
\BOOKMARK [1][]{section.9.1}{9.1 A menagerie of hypotheses }{chapter.9}% 148
\BOOKMARK [2][-]{subsection.9.1.1}{9.1.1 Research hypotheses versus statistical hypotheses}{section.9.1}% 149
\BOOKMARK [2][-]{subsection.9.1.2}{9.1.2 Null hypotheses and alternative hypotheses}{section.9.1}% 150
\BOOKMARK [1][]{section.9.2}{9.2 Two types of errors }{chapter.9}% 151
\BOOKMARK [1][]{section.9.3}{9.3 Test statistics and sampling distributions }{chapter.9}% 152
\BOOKMARK [1][]{section.9.4}{9.4 Making decisions }{chapter.9}% 153
\BOOKMARK [2][-]{subsection.9.4.1}{9.4.1 Critical regions and critical values}{section.9.4}% 154
\BOOKMARK [2][-]{subsection.9.4.2}{9.4.2 A note on statistical ``significance''}{section.9.4}% 155
\BOOKMARK [2][-]{subsection.9.4.3}{9.4.3 The difference between one sided and two sided tests}{section.9.4}% 156
\BOOKMARK [1][]{section.9.5}{9.5 The \040value of a test }{chapter.9}% 157
\BOOKMARK [2][-]{subsection.9.5.1}{9.5.1 A softer view of decision making}{section.9.5}% 158
\BOOKMARK [2][-]{subsection.9.5.2}{9.5.2 The probability of extreme data}{section.9.5}% 159
\BOOKMARK [2][-]{subsection.9.5.3}{9.5.3 A common mistake}{section.9.5}% 160
\BOOKMARK [1][]{section.9.6}{9.6 Reporting the results of a hypothesis test }{chapter.9}% 161
\BOOKMARK [2][-]{subsection.9.6.1}{9.6.1 The issue}{section.9.6}% 162
\BOOKMARK [2][-]{subsection.9.6.2}{9.6.2 Two proposed solutions}{section.9.6}% 163
\BOOKMARK [1][]{section.9.7}{9.7 Running the hypothesis test in practice }{chapter.9}% 164
\BOOKMARK [1][]{section.9.8}{9.8 Effect size, sample size and power }{chapter.9}% 165
\BOOKMARK [2][-]{subsection.9.8.1}{9.8.1 The power function}{section.9.8}% 166
\BOOKMARK [2][-]{subsection.9.8.2}{9.8.2 Effect size}{section.9.8}% 167
\BOOKMARK [2][-]{subsection.9.8.3}{9.8.3 Increasing the power of your study}{section.9.8}% 168
\BOOKMARK [1][]{section.9.9}{9.9 Some issues to consider }{chapter.9}% 169
\BOOKMARK [2][-]{subsection.9.9.1}{9.9.1 Neyman versus Fisher}{section.9.9}% 170
\BOOKMARK [2][-]{subsection.9.9.2}{9.9.2 Bayesians versus frequentists}{section.9.9}% 171
\BOOKMARK [2][-]{subsection.9.9.3}{9.9.3 Traps}{section.9.9}% 172
\BOOKMARK [1][]{section.9.10}{9.10 Summary}{chapter.9}% 173
\BOOKMARK [-1][]{part.5}{V Statistical tools}{}% 174
\BOOKMARK [0][]{chapter.10}{10 Categorical data analysis}{part.5}% 175
\BOOKMARK [1][]{section.10.1}{10.1 The \040\(chi-square\) goodness-of-fit test }{chapter.10}% 176
\BOOKMARK [2][-]{subsection.10.1.1}{10.1.1 The cards data}{section.10.1}% 177
\BOOKMARK [2][-]{subsection.10.1.2}{10.1.2 The null hypothesis and the alternative hypothesis}{section.10.1}% 178
\BOOKMARK [2][-]{subsection.10.1.3}{10.1.3 The ``goodness-of-fit'' test statistic}{section.10.1}% 179
\BOOKMARK [2][-]{subsection.10.1.4}{10.1.4 The sampling distribution of the GOF statistic }{section.10.1}% 180
\BOOKMARK [2][-]{subsection.10.1.5}{10.1.5 Degrees of freedom}{section.10.1}% 181
\BOOKMARK [2][-]{subsection.10.1.6}{10.1.6 Testing the null hypothesis}{section.10.1}% 182
\BOOKMARK [2][-]{subsection.10.1.7}{10.1.7 Doing the test in jamovi}{section.10.1}% 183
\BOOKMARK [2][-]{subsection.10.1.8}{10.1.8 Specifying a different null hypothesis}{section.10.1}% 184
\BOOKMARK [2][-]{subsection.10.1.9}{10.1.9 How to report the results of the test }{section.10.1}% 185
\BOOKMARK [2][-]{subsection.10.1.10}{10.1.10 A comment on statistical notation }{section.10.1}% 186
\BOOKMARK [1][]{section.10.2}{10.2 The \040test of independence \(or association\) }{chapter.10}% 187
\BOOKMARK [2][-]{subsection.10.2.1}{10.2.1 Constructing our hypothesis test}{section.10.2}% 188
\BOOKMARK [2][-]{subsection.10.2.2}{10.2.2 Doing the test in jamovi}{section.10.2}% 189
\BOOKMARK [2][-]{subsection.10.2.3}{10.2.3 Postscript}{section.10.2}% 190
\BOOKMARK [1][]{section.10.3}{10.3 The continuity correction }{chapter.10}% 191
\BOOKMARK [1][]{section.10.4}{10.4 Effect size }{chapter.10}% 192
\BOOKMARK [1][]{section.10.5}{10.5 Assumptions of the test\(s\) }{chapter.10}% 193
\BOOKMARK [1][]{section.10.6}{10.6 The Fisher exact test }{chapter.10}% 194
\BOOKMARK [1][]{section.10.7}{10.7 The McNemar test }{chapter.10}% 195
\BOOKMARK [2][-]{subsection.10.7.1}{10.7.1 Doing the McNemar test in jamovi}{section.10.7}% 196
\BOOKMARK [1][]{section.10.8}{10.8 What's the difference between McNemar and independence?}{chapter.10}% 197
\BOOKMARK [1][]{section.10.9}{10.9 Summary}{chapter.10}% 198
\BOOKMARK [0][]{chapter.11}{11 Comparing two means }{part.5}% 199
\BOOKMARK [1][]{section.11.1}{11.1 The one-sample -test}{chapter.11}% 200
\BOOKMARK [2][-]{subsection.11.1.1}{11.1.1 The inference problem that the test addresses}{section.11.1}% 201
\BOOKMARK [2][-]{subsection.11.1.2}{11.1.2 Constructing the hypothesis test}{section.11.1}% 202
\BOOKMARK [2][-]{subsection.11.1.3}{11.1.3 A worked example, by hand}{section.11.1}% 203
\BOOKMARK [2][-]{subsection.11.1.4}{11.1.4 Assumptions of the z-test }{section.11.1}% 204
\BOOKMARK [1][]{section.11.2}{11.2 The one-sample -test }{chapter.11}% 205
\BOOKMARK [2][-]{subsection.11.2.1}{11.2.1 Introducing the t-test}{section.11.2}% 206
\BOOKMARK [2][-]{subsection.11.2.2}{11.2.2 Doing the test in jamovi}{section.11.2}% 207
\BOOKMARK [2][-]{subsection.11.2.3}{11.2.3 Assumptions of the one sample -test }{section.11.2}% 208
\BOOKMARK [1][]{section.11.3}{11.3 The independent samples -test \(Student test\) }{chapter.11}% 209
\BOOKMARK [2][-]{subsection.11.3.1}{11.3.1 The data}{section.11.3}% 210
\BOOKMARK [2][-]{subsection.11.3.2}{11.3.2 Introducing the test}{section.11.3}% 211
\BOOKMARK [2][-]{subsection.11.3.3}{11.3.3 A ``pooled estimate'' of the standard deviation}{section.11.3}% 212
\BOOKMARK [2][-]{subsection.11.3.4}{11.3.4 Completing the test}{section.11.3}% 213
\BOOKMARK [2][-]{subsection.11.3.5}{11.3.5 Doing the test in jamovi}{section.11.3}% 214
\BOOKMARK [2][-]{subsection.11.3.6}{11.3.6 Positive and negative t values}{section.11.3}% 215
\BOOKMARK [2][-]{subsection.11.3.7}{11.3.7 Assumptions of the test }{section.11.3}% 216
\BOOKMARK [1][]{section.11.4}{11.4 The independent samples -test \(Welch test\) }{chapter.11}% 217
\BOOKMARK [2][-]{subsection.11.4.1}{11.4.1 Doing the Welch test in jamovi}{section.11.4}% 218
\BOOKMARK [2][-]{subsection.11.4.2}{11.4.2 Assumptions of the test}{section.11.4}% 219
\BOOKMARK [1][]{section.11.5}{11.5 The paired-samples -test }{chapter.11}% 220
\BOOKMARK [2][-]{subsection.11.5.1}{11.5.1 The data}{section.11.5}% 221
\BOOKMARK [2][-]{subsection.11.5.2}{11.5.2 What is the paired samples t-test?}{section.11.5}% 222
\BOOKMARK [2][-]{subsection.11.5.3}{11.5.3 Doing the test in jamovi}{section.11.5}% 223
\BOOKMARK [1][]{section.11.6}{11.6 One sided tests }{chapter.11}% 224
\BOOKMARK [1][]{section.11.7}{11.7 Effect size }{chapter.11}% 225
\BOOKMARK [2][-]{subsection.11.7.1}{11.7.1 Cohen's d from one sample}{section.11.7}% 226
\BOOKMARK [2][-]{subsection.11.7.2}{11.7.2 Cohen's d from a Student's t test}{section.11.7}% 227
\BOOKMARK [2][-]{subsection.11.7.3}{11.7.3 Cohen's d from a paired-samples test}{section.11.7}% 228
\BOOKMARK [1][]{section.11.8}{11.8 Checking the normality of a sample}{chapter.11}% 229
\BOOKMARK [2][-]{subsection.11.8.1}{11.8.1 QQ plots}{section.11.8}% 230
\BOOKMARK [2][-]{subsection.11.8.2}{11.8.2 Shapiro-Wilk tests}{section.11.8}% 231
\BOOKMARK [2][-]{subsection.11.8.3}{11.8.3 Example}{section.11.8}% 232
\BOOKMARK [1][]{section.11.9}{11.9 Testing non-normal data with Wilcoxon tests}{chapter.11}% 233
\BOOKMARK [2][-]{subsection.11.9.1}{11.9.1 Two sample Mann-Whitney U test}{section.11.9}% 234
\BOOKMARK [2][-]{subsection.11.9.2}{11.9.2 One sample Wilcoxon test}{section.11.9}% 235
\BOOKMARK [1][]{section.11.10}{11.10 Summary}{chapter.11}% 236
\BOOKMARK [0][]{chapter.12}{12 Correlation and linear regression}{part.5}% 237
\BOOKMARK [1][]{section.12.1}{12.1 Correlations}{chapter.12}% 238
\BOOKMARK [2][-]{subsection.12.1.1}{12.1.1 The data}{section.12.1}% 239
\BOOKMARK [2][-]{subsection.12.1.2}{12.1.2 The strength and direction of a relationship}{section.12.1}% 240
\BOOKMARK [2][-]{subsection.12.1.3}{12.1.3 The correlation coefficient}{section.12.1}% 241
\BOOKMARK [2][-]{subsection.12.1.4}{12.1.4 Calculating correlations in jamovi}{section.12.1}% 242
\BOOKMARK [2][-]{subsection.12.1.5}{12.1.5 Interpreting a correlation }{section.12.1}% 243
\BOOKMARK [2][-]{subsection.12.1.6}{12.1.6 Spearman's rank correlations}{section.12.1}% 244
\BOOKMARK [1][]{section.12.2}{12.2 Scatterplots}{chapter.12}% 245
\BOOKMARK [2][-]{subsection.12.2.1}{12.2.1 More elaborate options}{section.12.2}% 246
\BOOKMARK [1][]{section.12.3}{12.3 What is a linear regression model? }{chapter.12}% 247
\BOOKMARK [1][]{section.12.4}{12.4 Estimating a linear regression model }{chapter.12}% 248
\BOOKMARK [2][-]{subsection.12.4.1}{12.4.1 Linear regression in jamovi }{section.12.4}% 249
\BOOKMARK [2][-]{subsection.12.4.2}{12.4.2 Interpreting the estimated model}{section.12.4}% 250
\BOOKMARK [1][]{section.12.5}{12.5 Multiple linear regression }{chapter.12}% 251
\BOOKMARK [2][-]{subsection.12.5.1}{12.5.1 Doing it in jamovi}{section.12.5}% 252
\BOOKMARK [2][-]{subsection.12.5.2}{12.5.2 Formula for the general case}{section.12.5}% 253
\BOOKMARK [1][]{section.12.6}{12.6 Quantifying the fit of the regression model }{chapter.12}% 254
\BOOKMARK [2][-]{subsection.12.6.1}{12.6.1 The R-squared value }{section.12.6}% 255
\BOOKMARK [2][-]{subsection.12.6.2}{12.6.2 The relationship between regression and correlation}{section.12.6}% 256
\BOOKMARK [2][-]{subsection.12.6.3}{12.6.3 The adjusted R-squared value}{section.12.6}% 257
\BOOKMARK [1][]{section.12.7}{12.7 Hypothesis tests for regression models }{chapter.12}% 258
\BOOKMARK [2][-]{subsection.12.7.1}{12.7.1 Testing the model as a whole}{section.12.7}% 259
\BOOKMARK [2][-]{subsection.12.7.2}{12.7.2 Tests for individual coefficients}{section.12.7}% 260
\BOOKMARK [2][-]{subsection.12.7.3}{12.7.3 Running the hypothesis tests in jamovi }{section.12.7}% 261
\BOOKMARK [1][]{section.12.8}{12.8 Regarding regression coefficients }{chapter.12}% 262
\BOOKMARK [2][-]{subsection.12.8.1}{12.8.1 Confidence intervals for the coefficients}{section.12.8}% 263
\BOOKMARK [2][-]{subsection.12.8.2}{12.8.2 Calculating standardised regression coefficients}{section.12.8}% 264
\BOOKMARK [1][]{section.12.9}{12.9 Assumptions of regression }{chapter.12}% 265
\BOOKMARK [1][]{section.12.10}{12.10 Model checking }{chapter.12}% 266
\BOOKMARK [2][-]{subsection.12.10.1}{12.10.1 Three kinds of residuals}{section.12.10}% 267
\BOOKMARK [2][-]{subsection.12.10.2}{12.10.2 Three kinds of anomalous data }{section.12.10}% 268
\BOOKMARK [2][-]{subsection.12.10.3}{12.10.3 Checking the normality of the residuals }{section.12.10}% 269
\BOOKMARK [2][-]{subsection.12.10.4}{12.10.4 Checking for collinearity }{section.12.10}% 270
\BOOKMARK [1][]{section.12.11}{12.11 Model selection}{chapter.12}% 271
\BOOKMARK [2][-]{subsection.12.11.1}{12.11.1 Backward elimination}{section.12.11}% 272
\BOOKMARK [2][-]{subsection.12.11.2}{12.11.2 Forward selection}{section.12.11}% 273
\BOOKMARK [2][-]{subsection.12.11.3}{12.11.3 A caveat}{section.12.11}% 274
\BOOKMARK [2][-]{subsection.12.11.4}{12.11.4 Comparing two regression models}{section.12.11}% 275
\BOOKMARK [1][]{section.12.12}{12.12 Summary}{chapter.12}% 276
\BOOKMARK [0][]{chapter.13}{13 Comparing several means \(one-way ANOVA\)}{part.5}% 277
\BOOKMARK [1][]{section.13.1}{13.1 An illustrative data set }{chapter.13}% 278
\BOOKMARK [1][]{section.13.2}{13.2 How ANOVA works }{chapter.13}% 279
\BOOKMARK [2][-]{subsection.13.2.1}{13.2.1 Two formulas for the variance of Y}{section.13.2}% 280
\BOOKMARK [2][-]{subsection.13.2.2}{13.2.2 From variances to sums of squares}{section.13.2}% 281
\BOOKMARK [2][-]{subsection.13.2.3}{13.2.3 From sums of squares to the F-test}{section.13.2}% 282
\BOOKMARK [2][-]{subsection.13.2.4}{13.2.4 The model for the data and the meaning of F }{section.13.2}% 283
\BOOKMARK [2][-]{subsection.13.2.5}{13.2.5 A worked example }{section.13.2}% 284
\BOOKMARK [1][]{section.13.3}{13.3 Running an ANOVA in jamovi}{chapter.13}% 285
\BOOKMARK [2][-]{subsection.13.3.1}{13.3.1 Using jamovi to specify your ANOVA}{section.13.3}% 286
\BOOKMARK [1][]{section.13.4}{13.4 Effect size}{chapter.13}% 287
\BOOKMARK [1][]{section.13.5}{13.5 Multiple comparisons and post hoc tests }{chapter.13}% 288
\BOOKMARK [2][-]{subsection.13.5.1}{13.5.1 Running ``pairwise'' t-tests}{section.13.5}% 289
\BOOKMARK [2][-]{subsection.13.5.2}{13.5.2 Corrections for multiple testing}{section.13.5}% 290
\BOOKMARK [2][-]{subsection.13.5.3}{13.5.3 Bonferroni corrections}{section.13.5}% 291
\BOOKMARK [2][-]{subsection.13.5.4}{13.5.4 Holm corrections}{section.13.5}% 292
\BOOKMARK [2][-]{subsection.13.5.5}{13.5.5 Writing up the post hoc test}{section.13.5}% 293
\BOOKMARK [1][]{section.13.6}{13.6 Assumptions of one-way ANOVA }{chapter.13}% 294
\BOOKMARK [2][-]{subsection.13.6.1}{13.6.1 Checking the homogeneity of variance assumption }{section.13.6}% 295
\BOOKMARK [2][-]{subsection.13.6.2}{13.6.2 Running the Levene test in jamovi}{section.13.6}% 296
\BOOKMARK [2][-]{subsection.13.6.3}{13.6.3 Removing the homogeneity of variance assumption }{section.13.6}% 297
\BOOKMARK [2][-]{subsection.13.6.4}{13.6.4 Checking the normality assumption }{section.13.6}% 298
\BOOKMARK [1][]{section.13.7}{13.7 Removing the normality assumption }{chapter.13}% 299
\BOOKMARK [2][-]{subsection.13.7.1}{13.7.1 The logic behind the Kruskal-Wallis test}{section.13.7}% 300
\BOOKMARK [2][-]{subsection.13.7.2}{13.7.2 Additional details}{section.13.7}% 301
\BOOKMARK [2][-]{subsection.13.7.3}{13.7.3 How to run the Kruskal-Wallis test in jamovi}{section.13.7}% 302
\BOOKMARK [1][]{section.13.8}{13.8 Repeated measures one-way ANOVA }{chapter.13}% 303
\BOOKMARK [2][-]{subsection.13.8.1}{13.8.1 Repeated measures ANOVA in jamovi}{section.13.8}% 304
\BOOKMARK [1][]{section.13.9}{13.9 The Friedman non-parametric repeated measures ANOVA test }{chapter.13}% 305
\BOOKMARK [1][]{section.13.10}{13.10 On the relationship between ANOVA and the Student -test }{chapter.13}% 306
\BOOKMARK [1][]{section.13.11}{13.11 Summary}{chapter.13}% 307
\BOOKMARK [0][]{chapter.14}{14 Factorial ANOVA }{part.5}% 308
\BOOKMARK [1][]{section.14.1}{14.1 Factorial ANOVA 1: balanced designs, no interactions}{chapter.14}% 309
\BOOKMARK [2][-]{subsection.14.1.1}{14.1.1 What hypotheses are we testing?}{section.14.1}% 310
\BOOKMARK [2][-]{subsection.14.1.2}{14.1.2 Running the analysis in jamovi}{section.14.1}% 311
\BOOKMARK [2][-]{subsection.14.1.3}{14.1.3 How are the sum of squares calculated?}{section.14.1}% 312
\BOOKMARK [2][-]{subsection.14.1.4}{14.1.4 What are our degrees of freedom?}{section.14.1}% 313
\BOOKMARK [2][-]{subsection.14.1.5}{14.1.5 Factorial ANOVA versus one-way ANOVAs}{section.14.1}% 314
\BOOKMARK [2][-]{subsection.14.1.6}{14.1.6 What kinds of outcomes does this analysis capture?}{section.14.1}% 315
\BOOKMARK [1][]{section.14.2}{14.2 Factorial ANOVA 2: balanced designs, interactions allowed}{chapter.14}% 316
\BOOKMARK [2][-]{subsection.14.2.1}{14.2.1 What exactly is an interaction effect?}{section.14.2}% 317
\BOOKMARK [2][-]{subsection.14.2.2}{14.2.2 Calculating sums of squares for the interaction}{section.14.2}% 318
\BOOKMARK [2][-]{subsection.14.2.3}{14.2.3 Degrees of freedom for the interaction}{section.14.2}% 319
\BOOKMARK [2][-]{subsection.14.2.4}{14.2.4 Running the ANOVA in jamovi}{section.14.2}% 320
\BOOKMARK [2][-]{subsection.14.2.5}{14.2.5 Interpreting the results}{section.14.2}% 321
\BOOKMARK [1][]{section.14.3}{14.3 Effect size }{chapter.14}% 322
\BOOKMARK [2][-]{subsection.14.3.1}{14.3.1 Estimated group means}{section.14.3}% 323
\BOOKMARK [1][]{section.14.4}{14.4 Assumption checking }{chapter.14}% 324
\BOOKMARK [2][-]{subsection.14.4.1}{14.4.1 Homogeneity of variance}{section.14.4}% 325
\BOOKMARK [2][-]{subsection.14.4.2}{14.4.2 Normality of residuals}{section.14.4}% 326
\BOOKMARK [1][]{section.14.5}{14.5 Analysis of Covariance \(ANCOVA\)}{chapter.14}% 327
\BOOKMARK [2][-]{subsection.14.5.1}{14.5.1 Running ANCOVA in jamovi}{section.14.5}% 328
\BOOKMARK [1][]{section.14.6}{14.6 ANOVA as a linear model}{chapter.14}% 329
\BOOKMARK [2][-]{subsection.14.6.1}{14.6.1 Some data}{section.14.6}% 330
\BOOKMARK [2][-]{subsection.14.6.2}{14.6.2 ANOVA with binary factors as a regression model}{section.14.6}% 331
\BOOKMARK [2][-]{subsection.14.6.3}{14.6.3 How to encode non binary factors as contrasts}{section.14.6}% 332
\BOOKMARK [2][-]{subsection.14.6.4}{14.6.4 The equivalence between ANOVA and regression for non-binary factors}{section.14.6}% 333
\BOOKMARK [2][-]{subsection.14.6.5}{14.6.5 Degrees of freedom as parameter counting!}{section.14.6}% 334
\BOOKMARK [1][]{section.14.7}{14.7 Different ways to specify contrasts}{chapter.14}% 335
\BOOKMARK [2][-]{subsection.14.7.1}{14.7.1 Treatment contrasts}{section.14.7}% 336
\BOOKMARK [2][-]{subsection.14.7.2}{14.7.2 Helmert contrasts}{section.14.7}% 337
\BOOKMARK [2][-]{subsection.14.7.3}{14.7.3 Sum to zero contrasts}{section.14.7}% 338
\BOOKMARK [2][-]{subsection.14.7.4}{14.7.4 Optional contrasts in jamovi}{section.14.7}% 339
\BOOKMARK [1][]{section.14.8}{14.8 Post hoc tests}{chapter.14}% 340
\BOOKMARK [1][]{section.14.9}{14.9 The method of planned comparisons}{chapter.14}% 341
\BOOKMARK [1][]{section.14.10}{14.10 Factorial ANOVA 3: unbalanced designs}{chapter.14}% 342
\BOOKMARK [2][-]{subsection.14.10.1}{14.10.1 The coffee data}{section.14.10}% 343
\BOOKMARK [2][-]{subsection.14.10.2}{14.10.2 ``Standard ANOVA'' does not exist for unbalanced designs}{section.14.10}% 344
\BOOKMARK [2][-]{subsection.14.10.3}{14.10.3 Type I sum of squares}{section.14.10}% 345
\BOOKMARK [2][-]{subsection.14.10.4}{14.10.4 Type III sum of squares}{section.14.10}% 346
\BOOKMARK [2][-]{subsection.14.10.5}{14.10.5 Type II sum of squares}{section.14.10}% 347
\BOOKMARK [2][-]{subsection.14.10.6}{14.10.6 Effect sizes \(and non-additive sums of squares\)}{section.14.10}% 348
\BOOKMARK [1][]{section.14.11}{14.11 Summary}{chapter.14}% 349
\BOOKMARK [0][]{chapter.15}{15 Factor Analysis }{part.5}% 350
\BOOKMARK [1][]{section.15.1}{15.1 Exploratory Factor Analysis }{chapter.15}% 351
\BOOKMARK [2][-]{subsection.15.1.1}{15.1.1 Checking assumptions}{section.15.1}% 352
\BOOKMARK [2][-]{subsection.15.1.2}{15.1.2 What is EFA good for?}{section.15.1}% 353
\BOOKMARK [2][-]{subsection.15.1.3}{15.1.3 EFA in jamovi}{section.15.1}% 354
\BOOKMARK [2][-]{subsection.15.1.4}{15.1.4 Writing up an EFA}{section.15.1}% 355
\BOOKMARK [1][]{section.15.2}{15.2 Principal Component Analysis }{chapter.15}% 356
\BOOKMARK [2][-]{subsection.15.2.1}{15.2.1 Performing PCA in jamovi}{section.15.2}% 357
\BOOKMARK [1][]{section.15.3}{15.3 Confirmatory Factor Analysis }{chapter.15}% 358
\BOOKMARK [2][-]{subsection.15.3.1}{15.3.1 CFA in jamovi}{section.15.3}% 359
\BOOKMARK [2][-]{subsection.15.3.2}{15.3.2 Reporting a CFA}{section.15.3}% 360
\BOOKMARK [1][]{section.15.4}{15.4 Multi-Trait Multi-Method CFA }{chapter.15}% 361
\BOOKMARK [2][-]{subsection.15.4.1}{15.4.1 MTMM CFA in jamovi}{section.15.4}% 362
\BOOKMARK [1][]{section.15.5}{15.5 Internal consistency reliability analysis }{chapter.15}% 363
\BOOKMARK [2][-]{subsection.15.5.1}{15.5.1 Reliability analysis in jamovi}{section.15.5}% 364
\BOOKMARK [1][]{section.15.6}{15.6 Summary}{chapter.15}% 365
\BOOKMARK [-1][]{part.6}{VI Endings, alternatives and prospects}{}% 366
\BOOKMARK [0][]{chapter.16}{16 Bayesian statistics }{part.6}% 367
\BOOKMARK [1][]{section.16.1}{16.1 Probabilistic reasoning by rational agents}{chapter.16}% 368
\BOOKMARK [2][-]{subsection.16.1.1}{16.1.1 Priors: what you believed before}{section.16.1}% 369
\BOOKMARK [2][-]{subsection.16.1.2}{16.1.2 Likelihoods: theories about the data}{section.16.1}% 370
\BOOKMARK [2][-]{subsection.16.1.3}{16.1.3 The joint probability of data and hypothesis}{section.16.1}% 371
\BOOKMARK [2][-]{subsection.16.1.4}{16.1.4 Updating beliefs using Bayes' rule}{section.16.1}% 372
\BOOKMARK [1][]{section.16.2}{16.2 Bayesian hypothesis tests }{chapter.16}% 373
\BOOKMARK [2][-]{subsection.16.2.1}{16.2.1 The Bayes factor}{section.16.2}% 374
\BOOKMARK [2][-]{subsection.16.2.2}{16.2.2 Interpreting Bayes factors}{section.16.2}% 375
\BOOKMARK [1][]{section.16.3}{16.3 Why be a Bayesian?}{chapter.16}% 376
\BOOKMARK [2][-]{subsection.16.3.1}{16.3.1 Statistics that mean what you think they mean}{section.16.3}% 377
\BOOKMARK [2][-]{subsection.16.3.2}{16.3.2 Evidentiary standards you can believe}{section.16.3}% 378
\BOOKMARK [2][-]{subsection.16.3.3}{16.3.3 The p-value is a lie.}{section.16.3}% 379
\BOOKMARK [2][-]{subsection.16.3.4}{16.3.4 Is it really this bad?}{section.16.3}% 380
\BOOKMARK [1][]{section.16.4}{16.4 Bayesian -tests}{chapter.16}% 381
\BOOKMARK [2][-]{subsection.16.4.1}{16.4.1 Independent samples t-test}{section.16.4}% 382
\BOOKMARK [2][-]{subsection.16.4.2}{16.4.2 Paired samples t-test}{section.16.4}% 383
\BOOKMARK [1][]{section.16.5}{16.5 Summary}{chapter.16}% 384
\BOOKMARK [0][]{chapter.17}{17 Epilogue}{part.6}% 385
\BOOKMARK [1][]{section.17.1}{17.1 The undiscovered statistics}{chapter.17}% 386
\BOOKMARK [2][-]{subsection.17.1.1}{17.1.1 Omissions within the topics covered}{section.17.1}% 387
\BOOKMARK [2][-]{subsection.17.1.2}{17.1.2 Statistical models missing from the book}{section.17.1}% 388
\BOOKMARK [2][-]{subsection.17.1.3}{17.1.3 Other ways of doing inference}{section.17.1}% 389
\BOOKMARK [2][-]{subsection.17.1.4}{17.1.4 Miscellaneous topics}{section.17.1}% 390
\BOOKMARK [1][]{section.17.2}{17.2 Learning the basics, and learning them in jamovi}{chapter.17}% 391
\BOOKMARK [0][]{chapter.18}{18 References}{part.6}% 392
